[ 2017-03-22T10:06:03+08:00 ] 127.0.0.1 /index_v2.html?v=4.0
INFO: [ app_init ] --START--
INFO: Run Behavior\BuildLiteBehavior [ RunTime:0.000066s ]
INFO: [ app_init ] --END-- [ RunTime:0.001207s ]
ERR: 无法加载模块:Index_v2

[ 2017-03-22T10:06:03+08:00 ] 127.0.0.1 /img/profile_small.jpg
INFO: [ app_init ] --START--
INFO: Run Behavior\BuildLiteBehavior [ RunTime:0.000060s ]
INFO: [ app_init ] --END-- [ RunTime:0.000973s ]
ERR: 无法加载模块:Img

[ 2017-03-22T10:06:03+08:00 ] 127.0.0.1 /Public/H/js/plugins/layer/skin/layer.css
INFO: [ app_init ] --START--
INFO: Run Behavior\BuildLiteBehavior [ RunTime:0.000031s ]
INFO: [ app_init ] --END-- [ RunTime:0.000559s ]
ERR: 无法加载模块:Public

[ 2017-03-22T10:06:03+08:00 ] 127.0.0.1 /Public/H/js/plugins/layer/extend/layer.ext.js
INFO: [ app_init ] --START--
INFO: Run Behavior\BuildLiteBehavior [ RunTime:0.000060s ]
INFO: [ app_init ] --END-- [ RunTime:0.000900s ]
ERR: 无法加载模块:Public

[ 2017-03-22T10:11:06+08:00 ] 127.0.0.1 /Public/H/js/plugins/layer/skin/layer.css
INFO: [ app_init ] --START--
INFO: Run Behavior\BuildLiteBehavior [ RunTime:0.000033s ]
INFO: [ app_init ] --END-- [ RunTime:0.000582s ]
ERR: 无法加载模块:Public

[ 2017-03-22T10:12:57+08:00 ] 127.0.0.1 /index_v2.html?v=4.0
INFO: [ app_init ] --START--
INFO: Run Behavior\BuildLiteBehavior [ RunTime:0.000063s ]
INFO: [ app_init ] --END-- [ RunTime:0.000964s ]
ERR: 无法加载模块:Index_v2

[ 2017-03-22T10:12:57+08:00 ] 127.0.0.1 /img/profile_small.jpg
INFO: [ app_init ] --START--
INFO: Run Behavior\BuildLiteBehavior [ RunTime:0.000067s ]
INFO: [ app_init ] --END-- [ RunTime:0.001840s ]
ERR: 无法加载模块:Img

[ 2017-03-22T10:12:57+08:00 ] 127.0.0.1 /Public/H/js/plugins/layer/skin/layer.css
INFO: [ app_init ] --START--
INFO: Run Behavior\BuildLiteBehavior [ RunTime:0.000060s ]
INFO: [ app_init ] --END-- [ RunTime:0.001050s ]
ERR: 无法加载模块:Public

[ 2017-03-22T10:12:57+08:00 ] 127.0.0.1 /Public/H/js/plugins/layer/extend/layer.ext.js
INFO: [ app_init ] --START--
INFO: Run Behavior\BuildLiteBehavior [ RunTime:0.000035s ]
INFO: [ app_init ] --END-- [ RunTime:0.000801s ]
ERR: 无法加载模块:Public

[ 2017-03-22T10:14:27+08:00 ] 127.0.0.1 /index_v2.html?v=4.0
INFO: [ app_init ] --START--
INFO: Run Behavior\BuildLiteBehavior [ RunTime:0.000064s ]
INFO: [ app_init ] --END-- [ RunTime:0.000892s ]
ERR: 无法加载模块:Index_v2

[ 2017-03-22T10:14:27+08:00 ] 127.0.0.1 /Public/H/js/plugins/layer/skin/layer.css
INFO: [ app_init ] --START--
INFO: Run Behavior\BuildLiteBehavior [ RunTime:0.000062s ]
INFO: [ app_init ] --END-- [ RunTime:0.000864s ]
ERR: 无法加载模块:Public

[ 2017-03-22T10:14:27+08:00 ] 127.0.0.1 /Public/H/js/plugins/layer/extend/layer.ext.js
INFO: [ app_init ] --START--
INFO: Run Behavior\BuildLiteBehavior [ RunTime:0.000063s ]
INFO: [ app_init ] --END-- [ RunTime:0.001133s ]
ERR: 无法加载模块:Public

[ 2017-03-22T10:14:44+08:00 ] 127.0.0.1 /index_v2.html?v=4.0
INFO: [ app_init ] --START--
INFO: Run Behavior\BuildLiteBehavior [ RunTime:0.000062s ]
INFO: [ app_init ] --END-- [ RunTime:0.000984s ]
ERR: 无法加载模块:Index_v2

[ 2017-03-22T10:14:44+08:00 ] 127.0.0.1 /Public/H/js/plugins/layer/skin/layer.css
INFO: [ app_init ] --START--
INFO: Run Behavior\BuildLiteBehavior [ RunTime:0.000056s ]
INFO: [ app_init ] --END-- [ RunTime:0.001027s ]
ERR: 无法加载模块:Public

c

[ 2017-03-22T10:14:48+08:00 ] 127.0.0.1 /index_v2.html?v=4.0
INFO: [ app_init ] --START--
INFO: Run Behavior\BuildLiteBehavior [ RunTime:0.000058s ]
INFO: [ app_init ] --END-- [ RunTime:0.000792s ]
ERR: 无法加载模块:Index_v2

[ 2017-03-22T10:14:48+08:00 ] 127.0.0.1 /Public/H/js/plugins/layer/skin/layer.css
INFO: [ app_init ] --START--
INFO: Run Behavior\BuildLiteBehavior [ RunTime:0.000063s ]
INFO: [ app_init ] --END-- [ RunTime:0.000956s ]
ERR: 无法加载模块:Public

[ 2017-03-22T10:14:48+08:00 ] 127.0.0.1 /Public/H/js/plugins/layer/extend/layer.ext.js
INFO: [ app_init ] --START--
INFO: Run Behavior\BuildLiteBehavior [ RunTime:0.000033s ]
INFO: [ app_init ] --END-- [ RunTime:0.000537s ]
ERR: 无法加载模块:Public

[ 2017-03-22T10:14:56+08:00 ] 127.0.0.1 /index_v2.html?v=4.0
INFO: [ app_init ] --START--
INFO: Run Behavior\BuildLiteBehavior [ RunTime:0.000062s ]
INFO: [ app_init ] --END-- [ RunTime:0.000892s ]
ERR: 无法加载模块:Index_v2

[ 2017-03-22T10:14:56+08:00 ] 127.0.0.1 /Public/H/js/plugins/layer/skin/layer.css
INFO: [ app_init ] --START--
INFO: Run Behavior\BuildLiteBehavior [ RunTime:0.000065s ]
INFO: [ app_init ] --END-- [ RunTime:0.000891s ]
ERR: 无法加载模块:Public

[ 2017-03-22T10:14:56+08:00 ] 127.0.0.1 /Public/H/js/plugins/layer/extend/layer.ext.js
INFO: [ app_init ] --START--
INFO: Run Behavior\BuildLiteBehavior [ RunTime:0.000054s ]
INFO: [ app_init ] --END-- [ RunTime:0.000837s ]
ERR: 无法加载模块:Public

[ 2017-03-22T10:15:04+08:00 ] 127.0.0.1 /Public/css/plugins/login/img/avta1r.png
INFO: [ app_init ] --START--
INFO: Run Behavior\BuildLiteBehavior [ RunTime:0.000061s ]
INFO: [ app_init ] --END-- [ RunTime:0.000913s ]
ERR: 无法加载模块:Public

[ 2017-03-22T10:15:04+08:00 ] 127.0.0.1 /index_v2.html?v=4.0
INFO: [ app_init ] --START--
INFO: Run Behavior\BuildLiteBehavior [ RunTime:0.000062s ]
INFO: [ app_init ] --END-- [ RunTime:0.000970s ]
ERR: 无法加载模块:Index_v2

[ 2017-03-22T10:15:04+08:00 ] 127.0.0.1 /Public/H/js/plugins/layer/skin/layer.css
INFO: [ app_init ] --START--
INFO: Run Behavior\BuildLiteBehavior [ RunTime:0.000060s ]
INFO: [ app_init ] --END-- [ RunTime:0.000795s ]
ERR: 无法加载模块:Public

[ 2017-03-22T10:15:04+08:00 ] 127.0.0.1 /Public/H/js/plugins/layer/extend/layer.ext.js
INFO: [ app_init ] --START--
INFO: Run Behavior\BuildLiteBehavior [ RunTime:0.000062s ]
INFO: [ app_init ] --END-- [ RunTime:0.000907s ]
ERR: 无法加载模块:Public

[ 2017-03-22T10:15:05+08:00 ] 127.0.0.1 /index_v2.html?v=4.0
INFO: [ app_init ] --START--
INFO: Run Behavior\BuildLiteBehavior [ RunTime:0.000057s ]
INFO: [ app_init ] --END-- [ RunTime:0.000790s ]
ERR: 无法加载模块:Index_v2

[ 2017-03-22T10:15:05+08:00 ] 127.0.0.1 /Public/css/plugins/login/img/avta1r.png
INFO: [ app_init ] --START--
INFO: Run Behavior\BuildLiteBehavior [ RunTime:0.000102s ]
INFO: [ app_init ] --END-- [ RunTime:0.001402s ]
ERR: 无法加载模块:Public

[ 2017-03-22T10:15:05+08:00 ] 127.0.0.1 /Public/H/js/plugins/layer/skin/layer.css
INFO: [ app_init ] --START--
INFO: Run Behavior\BuildLiteBehavior [ RunTime:0.000061s ]
INFO: [ app_init ] --END-- [ RunTime:0.000885s ]
ERR: 无法加载模块:Public

[ 2017-03-22T10:15:05+08:00 ] 127.0.0.1 /Public/H/js/plugins/layer/extend/layer.ext.js
INFO: [ app_init ] --START--
INFO: Run Behavior\BuildLiteBehavior [ RunTime:0.000063s ]
INFO: [ app_init ] --END-- [ RunTime:0.000920s ]
ERR: 无法加载模块:Public

[ 2017-03-22T10:15:09+08:00 ] 127.0.0.1 /Public/css/plugins/login/img/avta1r.png
INFO: [ app_init ] --START--
INFO: Run Behavior\BuildLiteBehavior [ RunTime:0.000054s ]
INFO: [ app_init ] --END-- [ RunTime:0.000834s ]
ERR: 无法加载模块:Public

[ 2017-03-22T10:15:09+08:00 ] 127.0.0.1 /index_v2.html?v=4.0
INFO: [ app_init ] --START--
INFO: Run Behavior\BuildLiteBehavior [ RunTime:0.000061s ]
INFO: [ app_init ] --END-- [ RunTime:0.000888s ]
ERR: 无法加载模块:Index_v2

[ 2017-03-22T10:15:09+08:00 ] 127.0.0.1 /Public/H/js/plugins/layer/skin/layer.css
INFO: [ app_init ] --START--
INFO: Run Behavior\BuildLiteBehavior [ RunTime:0.000053s ]
INFO: [ app_init ] --END-- [ RunTime:0.000805s ]
ERR: 无法加载模块:Public

[ 2017-03-22T10:15:09+08:00 ] 127.0.0.1 /Public/H/js/plugins/layer/extend/layer.ext.js
INFO: [ app_init ] --START--
INFO: Run Behavior\BuildLiteBehavior [ RunTime:0.000063s ]
INFO: [ app_init ] --END-- [ RunTime:0.000930s ]
ERR: 无法加载模块:Public

[ 2017-03-22T10:15:10+08:00 ] 127.0.0.1 /Public/css/plugins/login/img/avta1r.png
INFO: [ app_init ] --START--
INFO: Run Behavior\BuildLiteBehavior [ RunTime:0.000056s ]
INFO: [ app_init ] --END-- [ RunTime:0.000927s ]
ERR: 无法加载模块:Public

[ 2017-03-22T10:15:11+08:00 ] 127.0.0.1 /index_v2.html?v=4.0
INFO: [ app_init ] --START--
INFO: Run Behavior\BuildLiteBehavior [ RunTime:0.000057s ]
INFO: [ app_init ] --END-- [ RunTime:0.001030s ]
ERR: 无法加载模块:Index_v2

[ 2017-03-22T10:15:11+08:00 ] 127.0.0.1 /Public/H/js/plugins/layer/skin/layer.css
INFO: [ app_init ] --START--
INFO: Run Behavior\BuildLiteBehavior [ RunTime:0.000058s ]
INFO: [ app_init ] --END-- [ RunTime:0.000959s ]
ERR: 无法加载模块:Public

[ 2017-03-22T10:15:11+08:00 ] 127.0.0.1 /Public/H/js/plugins/layer/extend/layer.ext.js
INFO: [ app_init ] --START--
INFO: Run Behavior\BuildLiteBehavior [ RunTime:0.000056s ]
INFO: [ app_init ] --END-- [ RunTime:0.000889s ]
ERR: 无法加载模块:Public

[ 2017-03-22T10:15:19+08:00 ] 127.0.0.1 /index_v2.html?v=4.0
INFO: [ app_init ] --START--
INFO: Run Behavior\BuildLiteBehavior [ RunTime:0.000033s ]
INFO: [ app_init ] --END-- [ RunTime:0.000554s ]
ERR: 无法加载模块:Index_v2

[ 2017-03-22T10:15:19+08:00 ] 127.0.0.1 /Public/H/js/plugins/layer/skin/layer.css
INFO: [ app_init ] --START--
INFO: Run Behavior\BuildLiteBehavior [ RunTime:0.000064s ]
INFO: [ app_init ] --END-- [ RunTime:0.000942s ]
ERR: 无法加载模块:Public

[ 2017-03-22T10:15:19+08:00 ] 127.0.0.1 /Public/H/js/plugins/layer/extend/layer.ext.js
INFO: [ app_init ] --START--
INFO: Run Behavior\BuildLiteBehavior [ RunTime:0.000059s ]
INFO: [ app_init ] --END-- [ RunTime:0.000931s ]
ERR: 无法加载模块:Public

[ 2017-03-22T10:15:25+08:00 ] 127.0.0.1 /index_v2.html?v=4.0
INFO: [ app_init ] --START--
INFO: Run Behavior\BuildLiteBehavior [ RunTime:0.000065s ]
INFO: [ app_init ] --END-- [ RunTime:0.000748s ]
ERR: 无法加载模块:Index_v2

[ 2017-03-22T10:15:26+08:00 ] 127.0.0.1 /Public/H/js/plugins/layer/skin/layer.css
INFO: [ app_init ] --START--
INFO: Run Behavior\BuildLiteBehavior [ RunTime:0.000126s ]
INFO: [ app_init ] --END-- [ RunTime:0.000970s ]
ERR: 无法加载模块:Public

[ 2017-03-22T10:15:26+08:00 ] 127.0.0.1 /Public/H/js/plugins/layer/extend/layer.ext.js
INFO: [ app_init ] --START--
INFO: Run Behavior\BuildLiteBehavior [ RunTime:0.000054s ]
INFO: [ app_init ] --END-- [ RunTime:0.000800s ]
ERR: 无法加载模块:Public

[ 2017-03-22T10:15:51+08:00 ] 127.0.0.1 /index_v2.html?v=4.0
INFO: [ app_init ] --START--
INFO: Run Behavior\BuildLiteBehavior [ RunTime:0.000058s ]
INFO: [ app_init ] --END-- [ RunTime:0.000942s ]
ERR: 无法加载模块:Index_v2

[ 2017-03-22T10:15:51+08:00 ] 127.0.0.1 /Public/H/js/plugins/layer/skin/layer.css
INFO: [ app_init ] --START--
INFO: Run Behavior\BuildLiteBehavior [ RunTime:0.000032s ]
INFO: [ app_init ] --END-- [ RunTime:0.000596s ]
ERR: 无法加载模块:Public

[ 2017-03-22T10:15:51+08:00 ] 127.0.0.1 /Public/H/js/plugins/layer/extend/layer.ext.js
INFO: [ app_init ] --START--
INFO: Run Behavior\BuildLiteBehavior [ RunTime:0.000061s ]
INFO: [ app_init ] --END-- [ RunTime:0.000759s ]
ERR: 无法加载模块:Public

[ 2017-03-22T10:16:04+08:00 ] 127.0.0.1 /index_v2.html?v=4.0
INFO: [ app_init ] --START--
INFO: Run Behavior\BuildLiteBehavior [ RunTime:0.000061s ]
INFO: [ app_init ] --END-- [ RunTime:0.000882s ]
ERR: 无法加载模块:Index_v2

[ 2017-03-22T10:16:05+08:00 ] 127.0.0.1 /Public/H/js/plugins/layer/skin/layer.css
INFO: [ app_init ] --START--
INFO: Run Behavior\BuildLiteBehavior [ RunTime:0.000057s ]
INFO: [ app_init ] --END-- [ RunTime:0.000688s ]
ERR: 无法加载模块:Public

[ 2017-03-22T10:16:05+08:00 ] 127.0.0.1 /Public/H/js/plugins/layer/extend/layer.ext.js
INFO: [ app_init ] --START--
INFO: Run Behavior\BuildLiteBehavior [ RunTime:0.000034s ]
INFO: [ app_init ] --END-- [ RunTime:0.000592s ]
ERR: 无法加载模块:Public

[ 2017-03-22T10:16:13+08:00 ] 127.0.0.1 /index_v2.html?v=4.0
INFO: [ app_init ] --START--
INFO: Run Behavior\BuildLiteBehavior [ RunTime:0.000059s ]
INFO: [ app_init ] --END-- [ RunTime:0.000716s ]
ERR: 无法加载模块:Index_v2

[ 2017-03-22T10:16:13+08:00 ] 127.0.0.1 /Public/H/js/plugins/layer/skin/layer.css
INFO: [ app_init ] --START--
INFO: Run Behavior\BuildLiteBehavior [ RunTime:0.000033s ]
INFO: [ app_init ] --END-- [ RunTime:0.000523s ]
ERR: 无法加载模块:Public

[ 2017-03-22T10:16:13+08:00 ] 127.0.0.1 /Public/H/js/plugins/layer/extend/layer.ext.js
INFO: [ app_init ] --START--
INFO: Run Behavior\BuildLiteBehavior [ RunTime:0.000059s ]
INFO: [ app_init ] --END-- [ RunTime:0.002092s ]
ERR: 无法加载模块:Public

[ 2017-03-22T10:16:33+08:00 ] 127.0.0.1 /index_v2.html?v=4.0
INFO: [ app_init ] --START--
INFO: Run Behavior\BuildLiteBehavior [ RunTime:0.000074s ]
INFO: [ app_init ] --END-- [ RunTime:0.001137s ]
ERR: 无法加载模块:Index_v2

[ 2017-03-22T10:16:33+08:00 ] 127.0.0.1 /Public/H/js/plugins/layer/skin/layer.css
INFO: [ app_init ] --START--
INFO: Run Behavior\BuildLiteBehavior [ RunTime:0.000031s ]
INFO: [ app_init ] --END-- [ RunTime:0.000506s ]
ERR: 无法加载模块:Public

[ 2017-03-22T10:16:33+08:00 ] 127.0.0.1 /Public/H/js/plugins/layer/extend/layer.ext.js
INFO: [ app_init ] --START--
INFO: Run Behavior\BuildLiteBehavior [ RunTime:0.000064s ]
INFO: [ app_init ] --END-- [ RunTime:0.000733s ]
ERR: 无法加载模块:Public

[ 2017-03-22T10:16:34+08:00 ] 127.0.0.1 /index_v2.html?v=4.0
INFO: [ app_init ] --START--
INFO: Run Behavior\BuildLiteBehavior [ RunTime:0.000059s ]
INFO: [ app_init ] --END-- [ RunTime:0.000980s ]
ERR: 无法加载模块:Index_v2

[ 2017-03-22T10:16:34+08:00 ] 127.0.0.1 /Public/H/js/plugins/layer/skin/layer.css
INFO: [ app_init ] --START--
INFO: Run Behavior\BuildLiteBehavior [ RunTime:0.000097s ]
INFO: [ app_init ] --END-- [ RunTime:0.001281s ]
ERR: 无法加载模块:Public

[ 2017-03-22T10:16:34+08:00 ] 127.0.0.1 /Public/H/js/plugins/layer/extend/layer.ext.js
INFO: [ app_init ] --START--
INFO: Run Behavior\BuildLiteBehavior [ RunTime:0.000033s ]
INFO: [ app_init ] --END-- [ RunTime:0.000684s ]
ERR: 无法加载模块:Public

[ 2017-03-22T10:16:38+08:00 ] 127.0.0.1 /index_v2.html?v=4.0
INFO: [ app_init ] --START--
INFO: Run Behavior\BuildLiteBehavior [ RunTime:0.000070s ]
INFO: [ app_init ] --END-- [ RunTime:0.001340s ]
ERR: 无法加载模块:Index_v2

[ 2017-03-22T10:16:38+08:00 ] 127.0.0.1 /Public/H/js/plugins/layer/skin/layer.css
INFO: [ app_init ] --START--
INFO: Run Behavior\BuildLiteBehavior [ RunTime:0.000063s ]
INFO: [ app_init ] --END-- [ RunTime:0.000837s ]
ERR: 无法加载模块:Public

[ 2017-03-22T10:16:38+08:00 ] 127.0.0.1 /Public/H/js/plugins/layer/extend/layer.ext.js
INFO: [ app_init ] --START--
INFO: Run Behavior\BuildLiteBehavior [ RunTime:0.000052s ]
INFO: [ app_init ] --END-- [ RunTime:0.000765s ]
ERR: 无法加载模块:Public

[ 2017-03-22T10:16:48+08:00 ] 127.0.0.1 /index_v2.html?v=4.0
INFO: [ app_init ] --START--
INFO: Run Behavior\BuildLiteBehavior [ RunTime:0.000033s ]
INFO: [ app_init ] --END-- [ RunTime:0.000588s ]
ERR: 无法加载模块:Index_v2

[ 2017-03-22T10:16:48+08:00 ] 127.0.0.1 /Public/H/js/plugins/layer/skin/layer.css
INFO: [ app_init ] --START--
INFO: Run Behavior\BuildLiteBehavior [ RunTime:0.000033s ]
INFO: [ app_init ] --END-- [ RunTime:0.000530s ]
ERR: 无法加载模块:Public

[ 2017-03-22T10:16:48+08:00 ] 127.0.0.1 /Public/H/js/plugins/layer/extend/layer.ext.js
INFO: [ app_init ] --START--
INFO: Run Behavior\BuildLiteBehavior [ RunTime:0.000037s ]
INFO: [ app_init ] --END-- [ RunTime:0.000773s ]
ERR: 无法加载模块:Public

[ 2017-03-22T10:16:53+08:00 ] 127.0.0.1 /Public/H/js/plugins/layer/skin/layer.css
INFO: [ app_init ] --START--
INFO: Run Behavior\BuildLiteBehavior [ RunTime:0.000031s ]
INFO: [ app_init ] --END-- [ RunTime:0.000496s ]
ERR: 无法加载模块:Public

[ 2017-03-22T10:17:16+08:00 ] 127.0.0.1 /index_v2.html?v=4.0
INFO: [ app_init ] --START--
INFO: Run Behavior\BuildLiteBehavior [ RunTime:0.000064s ]
INFO: [ app_init ] --END-- [ RunTime:0.001578s ]
ERR: 无法加载模块:Index_v2

[ 2017-03-22T10:17:16+08:00 ] 127.0.0.1 /Public/H/js/plugins/layer/skin/layer.css
INFO: [ app_init ] --START--
INFO: Run Behavior\BuildLiteBehavior [ RunTime:0.000057s ]
INFO: [ app_init ] --END-- [ RunTime:0.000966s ]
ERR: 无法加载模块:Public

[ 2017-03-22T10:17:16+08:00 ] 127.0.0.1 /Public/H/js/plugins/layer/extend/layer.ext.js
INFO: [ app_init ] --START--
INFO: Run Behavior\BuildLiteBehavior [ RunTime:0.000059s ]
INFO: [ app_init ] --END-- [ RunTime:0.001083s ]
ERR: 无法加载模块:Public

[ 2017-03-22T10:17:30+08:00 ] 127.0.0.1 /index_v2.html?v=4.0
INFO: [ app_init ] --START--
INFO: Run Behavior\BuildLiteBehavior [ RunTime:0.000064s ]
INFO: [ app_init ] --END-- [ RunTime:0.001020s ]
ERR: 无法加载模块:Index_v2

[ 2017-03-22T10:17:30+08:00 ] 127.0.0.1 /Public/H/js/plugins/layer/skin/layer.css
INFO: [ app_init ] --START--
INFO: Run Behavior\BuildLiteBehavior [ RunTime:0.000036s ]
INFO: [ app_init ] --END-- [ RunTime:0.000861s ]
ERR: 无法加载模块:Public

[ 2017-03-22T10:17:30+08:00 ] 127.0.0.1 /Public/H/js/plugins/layer/extend/layer.ext.js
INFO: [ app_init ] --START--
INFO: Run Behavior\BuildLiteBehavior [ RunTime:0.000032s ]
INFO: [ app_init ] --END-- [ RunTime:0.000510s ]
ERR: 无法加载模块:Public

[ 2017-03-22T10:18:07+08:00 ] 127.0.0.1 /index_v2.html?v=4.0
INFO: [ app_init ] --START--
INFO: Run Behavior\BuildLiteBehavior [ RunTime:0.000060s ]
INFO: [ app_init ] --END-- [ RunTime:0.001216s ]
ERR: 无法加载模块:Index_v2

[ 2017-03-22T10:18:07+08:00 ] 127.0.0.1 /Public/H/js/plugins/layer/skin/layer.css
INFO: [ app_init ] --START--
INFO: Run Behavior\BuildLiteBehavior [ RunTime:0.000063s ]
INFO: [ app_init ] --END-- [ RunTime:0.000918s ]
ERR: 无法加载模块:Public

[ 2017-03-22T10:18:08+08:00 ] 127.0.0.1 /Public/H/js/plugins/layer/extend/layer.ext.js
INFO: [ app_init ] --START--
INFO: Run Behavior\BuildLiteBehavior [ RunTime:0.000061s ]
INFO: [ app_init ] --END-- [ RunTime:0.000887s ]
ERR: 无法加载模块:Public

[ 2017-03-22T10:18:12+08:00 ] 127.0.0.1 /index_v2.html?v=4.0
INFO: [ app_init ] --START--
INFO: Run Behavior\BuildLiteBehavior [ RunTime:0.000033s ]
INFO: [ app_init ] --END-- [ RunTime:0.000547s ]
ERR: 无法加载模块:Index_v2

[ 2017-03-22T10:18:12+08:00 ] 127.0.0.1 /Public/H/js/plugins/layer/skin/layer.css
INFO: [ app_init ] --START--
INFO: Run Behavior\BuildLiteBehavior [ RunTime:0.000060s ]
INFO: [ app_init ] --END-- [ RunTime:0.000865s ]
ERR: 无法加载模块:Public

[ 2017-03-22T10:18:12+08:00 ] 127.0.0.1 /Public/H/js/plugins/layer/extend/layer.ext.js
INFO: [ app_init ] --START--
INFO: Run Behavior\BuildLiteBehavior [ RunTime:0.000033s ]
INFO: [ app_init ] --END-- [ RunTime:0.000523s ]
ERR: 无法加载模块:Public

[ 2017-03-22T10:18:12+08:00 ] 127.0.0.1 /index_v2.html?v=4.0
INFO: [ app_init ] --START--
INFO: Run Behavior\BuildLiteBehavior [ RunTime:0.000071s ]
INFO: [ app_init ] --END-- [ RunTime:0.001376s ]
ERR: 无法加载模块:Index_v2

[ 2017-03-22T10:18:12+08:00 ] 127.0.0.1 /Public/H/js/plugins/layer/skin/layer.css
INFO: [ app_init ] --START--
INFO: Run Behavior\BuildLiteBehavior [ RunTime:0.000056s ]
INFO: [ app_init ] --END-- [ RunTime:0.000956s ]
ERR: 无法加载模块:Public

[ 2017-03-22T10:18:12+08:00 ] 127.0.0.1 /Public/H/js/plugins/layer/extend/layer.ext.js
INFO: [ app_init ] --START--
INFO: Run Behavior\BuildLiteBehavior [ RunTime:0.000064s ]
INFO: [ app_init ] --END-- [ RunTime:0.000787s ]
ERR: 无法加载模块:Public

[ 2017-03-22T10:18:27+08:00 ] 127.0.0.1 /index_v2.html?v=4.0
INFO: [ app_init ] --START--
INFO: Run Behavior\BuildLiteBehavior [ RunTime:0.000063s ]
INFO: [ app_init ] --END-- [ RunTime:0.000980s ]
ERR: 无法加载模块:Index_v2

[ 2017-03-22T10:18:27+08:00 ] 127.0.0.1 /Public/H/js/plugins/layer/skin/layer.css
INFO: [ app_init ] --START--
INFO: Run Behavior\BuildLiteBehavior [ RunTime:0.000032s ]
INFO: [ app_init ] --END-- [ RunTime:0.000536s ]
ERR: 无法加载模块:Public

[ 2017-03-22T10:18:27+08:00 ] 127.0.0.1 /Public/H/js/plugins/layer/extend/layer.ext.js
INFO: [ app_init ] --START--
INFO: Run Behavior\BuildLiteBehavior [ RunTime:0.000047s ]
INFO: [ app_init ] --END-- [ RunTime:0.000897s ]
ERR: 无法加载模块:Public

[ 2017-03-22T10:18:28+08:00 ] 127.0.0.1 /index_v2.html?v=4.0
INFO: [ app_init ] --START--
INFO: Run Behavior\BuildLiteBehavior [ RunTime:0.000057s ]
INFO: [ app_init ] --END-- [ RunTime:0.000659s ]
ERR: 无法加载模块:Index_v2

[ 2017-03-22T10:18:28+08:00 ] 127.0.0.1 /Public/H/js/plugins/layer/skin/layer.css
INFO: [ app_init ] --START--
INFO: Run Behavior\BuildLiteBehavior [ RunTime:0.000063s ]
INFO: [ app_init ] --END-- [ RunTime:0.000945s ]
ERR: 无法加载模块:Public

[ 2017-03-22T10:18:28+08:00 ] 127.0.0.1 /Public/H/js/plugins/layer/extend/layer.ext.js
INFO: [ app_init ] --START--
INFO: Run Behavior\BuildLiteBehavior [ RunTime:0.000039s ]
INFO: [ app_init ] --END-- [ RunTime:0.000570s ]
ERR: 无法加载模块:Public

[ 2017-03-22T10:18:31+08:00 ] 127.0.0.1 /index_v2.html?v=4.0
INFO: [ app_init ] --START--
INFO: Run Behavior\BuildLiteBehavior [ RunTime:0.000059s ]
INFO: [ app_init ] --END-- [ RunTime:0.000910s ]
ERR: 无法加载模块:Index_v2

[ 2017-03-22T10:18:31+08:00 ] 127.0.0.1 /Public/H/js/plugins/layer/skin/layer.css
INFO: [ app_init ] --START--
INFO: Run Behavior\BuildLiteBehavior [ RunTime:0.000060s ]
INFO: [ app_init ] --END-- [ RunTime:0.000846s ]
ERR: 无法加载模块:Public

[ 2017-03-22T10:18:31+08:00 ] 127.0.0.1 /Public/H/js/plugins/layer/extend/layer.ext.js
INFO: [ app_init ] --START--
INFO: Run Behavior\BuildLiteBehavior [ RunTime:0.000034s ]
INFO: [ app_init ] --END-- [ RunTime:0.000777s ]
ERR: 无法加载模块:Public

[ 2017-03-22T10:18:31+08:00 ] 127.0.0.1 /index_v2.html?v=4.0
INFO: [ app_init ] --START--
INFO: Run Behavior\BuildLiteBehavior [ RunTime:0.000072s ]
INFO: [ app_init ] --END-- [ RunTime:0.000983s ]
ERR: 无法加载模块:Index_v2

[ 2017-03-22T10:18:31+08:00 ] 127.0.0.1 /Public/H/js/plugins/layer/skin/layer.css
INFO: [ app_init ] --START--
INFO: Run Behavior\BuildLiteBehavior [ RunTime:0.000062s ]
INFO: [ app_init ] --END-- [ RunTime:0.000820s ]
ERR: 无法加载模块:Public

[ 2017-03-22T10:18:31+08:00 ] 127.0.0.1 /Public/H/js/plugins/layer/extend/layer.ext.js
INFO: [ app_init ] --START--
INFO: Run Behavior\BuildLiteBehavior [ RunTime:0.000035s ]
INFO: [ app_init ] --END-- [ RunTime:0.000588s ]
ERR: 无法加载模块:Public

[ 2017-03-22T10:18:37+08:00 ] 127.0.0.1 /index_v2.html?v=4.0
INFO: [ app_init ] --START--
INFO: Run Behavior\BuildLiteBehavior [ RunTime:0.000057s ]
INFO: [ app_init ] --END-- [ RunTime:0.000862s ]
ERR: 无法加载模块:Index_v2

[ 2017-03-22T10:18:37+08:00 ] 127.0.0.1 /Public/H/js/plugins/layer/skin/layer.css
INFO: [ app_init ] --START--
INFO: Run Behavior\BuildLiteBehavior [ RunTime:0.000059s ]
INFO: [ app_init ] --END-- [ RunTime:0.001286s ]
ERR: 无法加载模块:Public

[ 2017-03-22T10:18:37+08:00 ] 127.0.0.1 /Public/H/js/plugins/layer/extend/layer.ext.js
INFO: [ app_init ] --START--
INFO: Run Behavior\BuildLiteBehavior [ RunTime:0.000077s ]
INFO: [ app_init ] --END-- [ RunTime:0.001020s ]
ERR: 无法加载模块:Public

[ 2017-03-22T10:18:37+08:00 ] 127.0.0.1 /index_v2.html?v=4.0
INFO: [ app_init ] --START--
INFO: Run Behavior\BuildLiteBehavior [ RunTime:0.000122s ]
INFO: [ app_init ] --END-- [ RunTime:0.002437s ]
ERR: 无法加载模块:Index_v2

[ 2017-03-22T10:18:38+08:00 ] 127.0.0.1 /Public/H/js/plugins/layer/skin/layer.css
INFO: [ app_init ] --START--
INFO: Run Behavior\BuildLiteBehavior [ RunTime:0.000059s ]
INFO: [ app_init ] --END-- [ RunTime:0.000981s ]
ERR: 无法加载模块:Public

[ 2017-03-22T10:18:38+08:00 ] 127.0.0.1 /Public/H/js/plugins/layer/extend/layer.ext.js
INFO: [ app_init ] --START--
INFO: Run Behavior\BuildLiteBehavior [ RunTime:0.000056s ]
INFO: [ app_init ] --END-- [ RunTime:0.000803s ]
ERR: 无法加载模块:Public

[ 2017-03-22T10:18:53+08:00 ] 127.0.0.1 /index_v2.html?v=4.0
INFO: [ app_init ] --START--
INFO: Run Behavior\BuildLiteBehavior [ RunTime:0.000055s ]
INFO: [ app_init ] --END-- [ RunTime:0.000933s ]
ERR: 无法加载模块:Index_v2

[ 2017-03-22T10:18:53+08:00 ] 127.0.0.1 /Public/H/js/plugins/layer/skin/layer.css
INFO: [ app_init ] --START--
INFO: Run Behavior\BuildLiteBehavior [ RunTime:0.000056s ]
INFO: [ app_init ] --END-- [ RunTime:0.000802s ]
ERR: 无法加载模块:Public

[ 2017-03-22T10:18:53+08:00 ] 127.0.0.1 /Public/H/js/plugins/layer/extend/layer.ext.js
INFO: [ app_init ] --START--
INFO: Run Behavior\BuildLiteBehavior [ RunTime:0.000058s ]
INFO: [ app_init ] --END-- [ RunTime:0.000938s ]
ERR: 无法加载模块:Public

[ 2017-03-22T10:19:00+08:00 ] 127.0.0.1 /index_v2.html?v=4.0
INFO: [ app_init ] --START--
INFO: Run Behavior\BuildLiteBehavior [ RunTime:0.000032s ]
INFO: [ app_init ] --END-- [ RunTime:0.000499s ]
ERR: 无法加载模块:Index_v2

[ 2017-03-22T10:19:00+08:00 ] 127.0.0.1 /Public/H/js/plugins/layer/skin/layer.css
INFO: [ app_init ] --START--
INFO: Run Behavior\BuildLiteBehavior [ RunTime:0.000033s ]
INFO: [ app_init ] --END-- [ RunTime:0.000544s ]
ERR: 无法加载模块:Public

[ 2017-03-22T10:19:00+08:00 ] 127.0.0.1 /Public/H/js/plugins/layer/extend/layer.ext.js
INFO: [ app_init ] --START--
INFO: Run Behavior\BuildLiteBehavior [ RunTime:0.000033s ]
INFO: [ app_init ] --END-- [ RunTime:0.000521s ]
ERR: 无法加载模块:Public

[ 2017-03-22T10:19:12+08:00 ] 127.0.0.1 /index_v2.html?v=4.0
INFO: [ app_init ] --START--
INFO: Run Behavior\BuildLiteBehavior [ RunTime:0.000031s ]
INFO: [ app_init ] --END-- [ RunTime:0.000495s ]
ERR: 无法加载模块:Index_v2

[ 2017-03-22T10:19:12+08:00 ] 127.0.0.1 /Public/H/js/plugins/layer/skin/layer.css
INFO: [ app_init ] --START--
INFO: Run Behavior\BuildLiteBehavior [ RunTime:0.000059s ]
INFO: [ app_init ] --END-- [ RunTime:0.000858s ]
ERR: 无法加载模块:Public

[ 2017-03-22T10:19:12+08:00 ] 127.0.0.1 /Public/H/js/plugins/layer/extend/layer.ext.js
INFO: [ app_init ] --START--
INFO: Run Behavior\BuildLiteBehavior [ RunTime:0.000061s ]
INFO: [ app_init ] --END-- [ RunTime:0.000845s ]
ERR: 无法加载模块:Public

[ 2017-03-22T10:19:17+08:00 ] 127.0.0.1 /Public/H/js/plugins/layer/skin/layer.css
INFO: [ app_init ] --START--
INFO: Run Behavior\BuildLiteBehavior [ RunTime:0.000059s ]
INFO: [ app_init ] --END-- [ RunTime:0.000864s ]
ERR: 无法加载模块:Public

[ 2017-03-22T10:19:24+08:00 ] 127.0.0.1 /index_v2.html?v=4.0
INFO: [ app_init ] --START--
INFO: Run Behavior\BuildLiteBehavior [ RunTime:0.000061s ]
INFO: [ app_init ] --END-- [ RunTime:0.000949s ]
ERR: 无法加载模块:Index_v2

[ 2017-03-22T10:19:24+08:00 ] 127.0.0.1 /Public/H/js/plugins/layer/extend/layer.ext.js
INFO: [ app_init ] --START--
INFO: Run Behavior\BuildLiteBehavior [ RunTime:0.000062s ]
INFO: [ app_init ] --END-- [ RunTime:0.000906s ]
ERR: 无法加载模块:Public

[ 2017-03-22T10:19:24+08:00 ] 127.0.0.1 /Public/H/js/plugins/layer/skin/layer.css
INFO: [ app_init ] --START--
INFO: Run Behavior\BuildLiteBehavior [ RunTime:0.000067s ]
INFO: [ app_init ] --END-- [ RunTime:0.001509s ]
ERR: 无法加载模块:Public

[ 2017-03-22T10:19:25+08:00 ] 127.0.0.1 /index_v2.html?v=4.0
INFO: [ app_init ] --START--
INFO: Run Behavior\BuildLiteBehavior [ RunTime:0.000069s ]
INFO: [ app_init ] --END-- [ RunTime:0.001311s ]
ERR: 无法加载模块:Index_v2

[ 2017-03-22T10:19:25+08:00 ] 127.0.0.1 /Public/H/js/plugins/layer/skin/layer.css
INFO: [ app_init ] --START--
INFO: Run Behavior\BuildLiteBehavior [ RunTime:0.000033s ]
INFO: [ app_init ] --END-- [ RunTime:0.000534s ]
ERR: 无法加载模块:Public

[ 2017-03-22T10:19:25+08:00 ] 127.0.0.1 /Public/H/js/plugins/layer/extend/layer.ext.js
INFO: [ app_init ] --START--
INFO: Run Behavior\BuildLiteBehavior [ RunTime:0.000061s ]
INFO: [ app_init ] --END-- [ RunTime:0.000923s ]
ERR: 无法加载模块:Public

[ 2017-03-22T10:19:36+08:00 ] 127.0.0.1 /index_v2.html?v=4.0
INFO: [ app_init ] --START--
INFO: Run Behavior\BuildLiteBehavior [ RunTime:0.000056s ]
INFO: [ app_init ] --END-- [ RunTime:0.000541s ]
ERR: 无法加载模块:Index_v2

[ 2017-03-22T10:19:36+08:00 ] 127.0.0.1 /Public/H/js/plugins/layer/skin/layer.css
INFO: [ app_init ] --START--
INFO: Run Behavior\BuildLiteBehavior [ RunTime:0.000062s ]
INFO: [ app_init ] --END-- [ RunTime:0.001236s ]
ERR: 无法加载模块:Public

[ 2017-03-22T10:19:36+08:00 ] 127.0.0.1 /Public/H/js/plugins/layer/extend/layer.ext.js
INFO: [ app_init ] --START--
INFO: Run Behavior\BuildLiteBehavior [ RunTime:0.000051s ]
INFO: [ app_init ] --END-- [ RunTime:0.000733s ]
ERR: 无法加载模块:Public

[ 2017-03-22T10:19:37+08:00 ] 127.0.0.1 /index_v2.html?v=4.0
INFO: [ app_init ] --START--
INFO: Run Behavior\BuildLiteBehavior [ RunTime:0.000056s ]
INFO: [ app_init ] --END-- [ RunTime:0.000797s ]
ERR: 无法加载模块:Index_v2

[ 2017-03-22T10:19:37+08:00 ] 127.0.0.1 /Public/H/js/plugins/layer/skin/layer.css
INFO: [ app_init ] --START--
INFO: Run Behavior\BuildLiteBehavior [ RunTime:0.000062s ]
INFO: [ app_init ] --END-- [ RunTime:0.000849s ]
ERR: 无法加载模块:Public

[ 2017-03-22T10:19:37+08:00 ] 127.0.0.1 /Public/H/js/plugins/layer/extend/layer.ext.js
INFO: [ app_init ] --START--
INFO: Run Behavior\BuildLiteBehavior [ RunTime:0.000063s ]
INFO: [ app_init ] --END-- [ RunTime:0.000857s ]
ERR: 无法加载模块:Public

[ 2017-03-22T10:19:42+08:00 ] 127.0.0.1 /favicon.ico
INFO: [ app_init ] --START--
INFO: Run Behavior\BuildLiteBehavior [ RunTime:0.000032s ]
INFO: [ app_init ] --END-- [ RunTime:0.000519s ]
ERR: 无法加载模块:Favicon

[ 2017-03-22T10:19:59+08:00 ] 127.0.0.1 /Public/js/jquery.min.map
INFO: [ app_init ] --START--
INFO: Run Behavior\BuildLiteBehavior [ RunTime:0.000062s ]
INFO: [ app_init ] --END-- [ RunTime:0.000938s ]
ERR: 无法加载模块:Public

[ 2017-03-22T10:20:20+08:00 ] 127.0.0.1 /index_v2.html?v=4.0
INFO: [ app_init ] --START--
INFO: Run Behavior\BuildLiteBehavior [ RunTime:0.000063s ]
INFO: [ app_init ] --END-- [ RunTime:0.000970s ]
ERR: 无法加载模块:Index_v2

[ 2017-03-22T10:20:20+08:00 ] 127.0.0.1 /Public/H/js/plugins/layer/skin/layer.css
INFO: [ app_init ] --START--
INFO: Run Behavior\BuildLiteBehavior [ RunTime:0.000035s ]
INFO: [ app_init ] --END-- [ RunTime:0.000534s ]
ERR: 无法加载模块:Public

[ 2017-03-22T10:20:20+08:00 ] 127.0.0.1 /Public/H/js/plugins/layer/extend/layer.ext.js
INFO: [ app_init ] --START--
INFO: Run Behavior\BuildLiteBehavior [ RunTime:0.000084s ]
INFO: [ app_init ] --END-- [ RunTime:0.000925s ]
ERR: 无法加载模块:Public

[ 2017-03-22T10:20:21+08:00 ] 127.0.0.1 /index_v2.html?v=4.0
INFO: [ app_init ] --START--
INFO: Run Behavior\BuildLiteBehavior [ RunTime:0.000034s ]
INFO: [ app_init ] --END-- [ RunTime:0.000774s ]
ERR: 无法加载模块:Index_v2

[ 2017-03-22T10:20:21+08:00 ] 127.0.0.1 /Public/H/js/plugins/layer/skin/layer.css
INFO: [ app_init ] --START--
INFO: Run Behavior\BuildLiteBehavior [ RunTime:0.000061s ]
INFO: [ app_init ] --END-- [ RunTime:0.000823s ]
ERR: 无法加载模块:Public

[ 2017-03-22T10:20:21+08:00 ] 127.0.0.1 /Public/H/js/plugins/layer/extend/layer.ext.js
INFO: [ app_init ] --START--
INFO: Run Behavior\BuildLiteBehavior [ RunTime:0.000031s ]
INFO: [ app_init ] --END-- [ RunTime:0.000516s ]
ERR: 无法加载模块:Public

[ 2017-03-22T10:20:24+08:00 ] 127.0.0.1 /Public/H/js/plugins/layer/skin/layer.css
INFO: [ app_init ] --START--
INFO: Run Behavior\BuildLiteBehavior [ RunTime:0.000058s ]
INFO: [ app_init ] --END-- [ RunTime:0.000672s ]
ERR: 无法加载模块:Public

[ 2017-03-22T10:20:44+08:00 ] 127.0.0.1 /index_v2.html?v=4.0
INFO: [ app_init ] --START--
INFO: Run Behavior\BuildLiteBehavior [ RunTime:0.000064s ]
INFO: [ app_init ] --END-- [ RunTime:0.000884s ]
ERR: 无法加载模块:Index_v2

[ 2017-03-22T10:20:44+08:00 ] 127.0.0.1 /Public/H/js/plugins/layer/skin/layer.css
INFO: [ app_init ] --START--
INFO: Run Behavior\BuildLiteBehavior [ RunTime:0.000061s ]
INFO: [ app_init ] --END-- [ RunTime:0.000963s ]
ERR: 无法加载模块:Public

[ 2017-03-22T10:20:44+08:00 ] 127.0.0.1 /Public/H/js/plugins/layer/extend/layer.ext.js
INFO: [ app_init ] --START--
INFO: Run Behavior\BuildLiteBehavior [ RunTime:0.000063s ]
INFO: [ app_init ] --END-- [ RunTime:0.000905s ]
ERR: 无法加载模块:Public

[ 2017-03-22T10:20:55+08:00 ] 127.0.0.1 /index_v2.html?v=4.0
INFO: [ app_init ] --START--
INFO: Run Behavior\BuildLiteBehavior [ RunTime:0.000058s ]
INFO: [ app_init ] --END-- [ RunTime:0.002662s ]
ERR: 无法加载模块:Index_v2

[ 2017-03-22T10:20:55+08:00 ] 127.0.0.1 /Public/H/js/plugins/layer/skin/layer.css
INFO: [ app_init ] --START--
INFO: Run Behavior\BuildLiteBehavior [ RunTime:0.000075s ]
INFO: [ app_init ] --END-- [ RunTime:0.001197s ]
ERR: 无法加载模块:Public

[ 2017-03-22T10:20:55+08:00 ] 127.0.0.1 /Public/H/js/plugins/layer/extend/layer.ext.js
INFO: [ app_init ] --START--
INFO: Run Behavior\BuildLiteBehavior [ RunTime:0.000034s ]
INFO: [ app_init ] --END-- [ RunTime:0.000635s ]
ERR: 无法加载模块:Public

[ 2017-03-22T10:21:05+08:00 ] 127.0.0.1 /index_v2.html?v=4.0
INFO: [ app_init ] --START--
INFO: Run Behavior\BuildLiteBehavior [ RunTime:0.000060s ]
INFO: [ app_init ] --END-- [ RunTime:0.000935s ]
ERR: 无法加载模块:Index_v2

[ 2017-03-22T10:21:05+08:00 ] 127.0.0.1 /Public/H/js/plugins/layer/skin/layer.css
INFO: [ app_init ] --START--
INFO: Run Behavior\BuildLiteBehavior [ RunTime:0.000054s ]
INFO: [ app_init ] --END-- [ RunTime:0.000862s ]
ERR: 无法加载模块:Public

[ 2017-03-22T10:21:05+08:00 ] 127.0.0.1 /Public/H/js/plugins/layer/extend/layer.ext.js
INFO: [ app_init ] --START--
INFO: Run Behavior\BuildLiteBehavior [ RunTime:0.000068s ]
INFO: [ app_init ] --END-- [ RunTime:0.000919s ]
ERR: 无法加载模块:Public

[ 2017-03-22T10:22:26+08:00 ] 127.0.0.1 /index_v2.html?v=4.0
INFO: [ app_init ] --START--
INFO: Run Behavior\BuildLiteBehavior [ RunTime:0.000070s ]
INFO: [ app_init ] --END-- [ RunTime:0.001066s ]
ERR: 无法加载模块:Index_v2

[ 2017-03-22T10:22:26+08:00 ] 127.0.0.1 /Public/H/js/plugins/layer/skin/layer.css
INFO: [ app_init ] --START--
INFO: Run Behavior\BuildLiteBehavior [ RunTime:0.000064s ]
INFO: [ app_init ] --END-- [ RunTime:0.001019s ]
ERR: 无法加载模块:Public

[ 2017-03-22T10:22:26+08:00 ] 127.0.0.1 /Public/H/js/plugins/layer/extend/layer.ext.js
INFO: [ app_init ] --START--
INFO: Run Behavior\BuildLiteBehavior [ RunTime:0.000059s ]
INFO: [ app_init ] --END-- [ RunTime:0.000808s ]
ERR: 无法加载模块:Public

[ 2017-03-22T10:22:27+08:00 ] 127.0.0.1 /index_v2.html?v=4.0
INFO: [ app_init ] --START--
INFO: Run Behavior\BuildLiteBehavior [ RunTime:0.000057s ]
INFO: [ app_init ] --END-- [ RunTime:0.001058s ]
ERR: 无法加载模块:Index_v2

[ 2017-03-22T10:22:27+08:00 ] 127.0.0.1 /Public/H/js/plugins/layer/skin/layer.css
INFO: [ app_init ] --START--
INFO: Run Behavior\BuildLiteBehavior [ RunTime:0.000064s ]
INFO: [ app_init ] --END-- [ RunTime:0.001059s ]
ERR: 无法加载模块:Public

[ 2017-03-22T10:22:27+08:00 ] 127.0.0.1 /Public/H/js/plugins/layer/extend/layer.ext.js
INFO: [ app_init ] --START--
INFO: Run Behavior\BuildLiteBehavior [ RunTime:0.000034s ]
INFO: [ app_init ] --END-- [ RunTime:0.000592s ]
ERR: 无法加载模块:Public

[ 2017-03-22T10:22:32+08:00 ] 127.0.0.1 /index_v2.html?v=4.0
INFO: [ app_init ] --START--
INFO: Run Behavior\BuildLiteBehavior [ RunTime:0.000032s ]
INFO: [ app_init ] --END-- [ RunTime:0.000534s ]
ERR: 无法加载模块:Index_v2

[ 2017-03-22T10:22:32+08:00 ] 127.0.0.1 /Public/H/js/plugins/layer/skin/layer.css
INFO: [ app_init ] --START--
INFO: Run Behavior\BuildLiteBehavior [ RunTime:0.000043s ]
INFO: [ app_init ] --END-- [ RunTime:0.001009s ]
ERR: 无法加载模块:Public

[ 2017-03-22T10:22:32+08:00 ] 127.0.0.1 /Public/H/js/plugins/layer/extend/layer.ext.js
INFO: [ app_init ] --START--
INFO: Run Behavior\BuildLiteBehavior [ RunTime:0.000032s ]
INFO: [ app_init ] --END-- [ RunTime:0.000526s ]
ERR: 无法加载模块:Public

[ 2017-03-22T10:22:47+08:00 ] 127.0.0.1 /Public/H/js/plugins/layer/skin/layer.css
INFO: [ app_init ] --START--
INFO: Run Behavior\BuildLiteBehavior [ RunTime:0.000060s ]
INFO: [ app_init ] --END-- [ RunTime:0.000851s ]
ERR: 无法加载模块:Public

[ 2017-03-22T10:22:58+08:00 ] 127.0.0.1 /index_v2.html?v=4.0
INFO: [ app_init ] --START--
INFO: Run Behavior\BuildLiteBehavior [ RunTime:0.000064s ]
INFO: [ app_init ] --END-- [ RunTime:0.001218s ]
ERR: 无法加载模块:Index_v2

[ 2017-03-22T10:22:58+08:00 ] 127.0.0.1 /Public/H/js/plugins/layer/skin/layer.css
INFO: [ app_init ] --START--
INFO: Run Behavior\BuildLiteBehavior [ RunTime:0.000057s ]
INFO: [ app_init ] --END-- [ RunTime:0.000860s ]
ERR: 无法加载模块:Public

[ 2017-03-22T10:22:58+08:00 ] 127.0.0.1 /Public/H/js/plugins/layer/extend/layer.ext.js
INFO: [ app_init ] --START--
INFO: Run Behavior\BuildLiteBehavior [ RunTime:0.000059s ]
INFO: [ app_init ] --END-- [ RunTime:0.001045s ]
ERR: 无法加载模块:Public

[ 2017-03-22T10:23:11+08:00 ] 127.0.0.1 /index_v2.html?v=4.0
INFO: [ app_init ] --START--
INFO: Run Behavior\BuildLiteBehavior [ RunTime:0.000058s ]
INFO: [ app_init ] --END-- [ RunTime:0.000910s ]
ERR: 无法加载模块:Index_v2

[ 2017-03-22T10:23:11+08:00 ] 127.0.0.1 /Public/H/js/plugins/layer/skin/layer.css
INFO: [ app_init ] --START--
INFO: Run Behavior\BuildLiteBehavior [ RunTime:0.000062s ]
INFO: [ app_init ] --END-- [ RunTime:0.000745s ]
ERR: 无法加载模块:Public

[ 2017-03-22T10:23:11+08:00 ] 127.0.0.1 /Public/H/js/plugins/layer/extend/layer.ext.js
INFO: [ app_init ] --START--
INFO: Run Behavior\BuildLiteBehavior [ RunTime:0.000054s ]
INFO: [ app_init ] --END-- [ RunTime:0.000845s ]
ERR: 无法加载模块:Public

[ 2017-03-22T10:23:29+08:00 ] 127.0.0.1 /index_v2.html?v=4.0
INFO: [ app_init ] --START--
INFO: Run Behavior\BuildLiteBehavior [ RunTime:0.000059s ]
INFO: [ app_init ] --END-- [ RunTime:0.000876s ]
ERR: 无法加载模块:Index_v2

[ 2017-03-22T10:23:29+08:00 ] 127.0.0.1 /Public/H/js/plugins/layer/skin/layer.css
INFO: [ app_init ] --START--
INFO: Run Behavior\BuildLiteBehavior [ RunTime:0.000058s ]
INFO: [ app_init ] --END-- [ RunTime:0.000869s ]
ERR: 无法加载模块:Public

[ 2017-03-22T10:23:29+08:00 ] 127.0.0.1 /Public/H/js/plugins/layer/extend/layer.ext.js
INFO: [ app_init ] --START--
INFO: Run Behavior\BuildLiteBehavior [ RunTime:0.000054s ]
INFO: [ app_init ] --END-- [ RunTime:0.000812s ]
ERR: 无法加载模块:Public

[ 2017-03-22T10:23:30+08:00 ] 127.0.0.1 /index_v2.html?v=4.0
INFO: [ app_init ] --START--
INFO: Run Behavior\BuildLiteBehavior [ RunTime:0.000062s ]
INFO: [ app_init ] --END-- [ RunTime:0.000912s ]
ERR: 无法加载模块:Index_v2

[ 2017-03-22T10:23:30+08:00 ] 127.0.0.1 /Public/H/js/plugins/layer/skin/layer.css
INFO: [ app_init ] --START--
INFO: Run Behavior\BuildLiteBehavior [ RunTime:0.000035s ]
INFO: [ app_init ] --END-- [ RunTime:0.000856s ]
ERR: 无法加载模块:Public

[ 2017-03-22T10:23:30+08:00 ] 127.0.0.1 /Public/H/js/plugins/layer/extend/layer.ext.js
INFO: [ app_init ] --START--
INFO: Run Behavior\BuildLiteBehavior [ RunTime:0.000057s ]
INFO: [ app_init ] --END-- [ RunTime:0.000767s ]
ERR: 无法加载模块:Public

[ 2017-03-22T10:23:41+08:00 ] 127.0.0.1 /index_v2.html?v=4.0
INFO: [ app_init ] --START--
INFO: Run Behavior\BuildLiteBehavior [ RunTime:0.000065s ]
INFO: [ app_init ] --END-- [ RunTime:0.000926s ]
ERR: 无法加载模块:Index_v2

[ 2017-03-22T10:23:41+08:00 ] 127.0.0.1 /Public/H/js/plugins/layer/skin/layer.css
INFO: [ app_init ] --START--
INFO: Run Behavior\BuildLiteBehavior [ RunTime:0.000060s ]
INFO: [ app_init ] --END-- [ RunTime:0.000858s ]
ERR: 无法加载模块:Public

[ 2017-03-22T10:23:41+08:00 ] 127.0.0.1 /Public/H/js/plugins/layer/extend/layer.ext.js
INFO: [ app_init ] --START--
INFO: Run Behavior\BuildLiteBehavior [ RunTime:0.000058s ]
INFO: [ app_init ] --END-- [ RunTime:0.000909s ]
ERR: 无法加载模块:Public

[ 2017-03-22T10:23:42+08:00 ] 127.0.0.1 /index_v2.html?v=4.0
INFO: [ app_init ] --START--
INFO: Run Behavior\BuildLiteBehavior [ RunTime:0.000092s ]
INFO: [ app_init ] --END-- [ RunTime:0.001868s ]
ERR: 无法加载模块:Index_v2

[ 2017-03-22T10:23:42+08:00 ] 127.0.0.1 /Public/H/js/plugins/layer/skin/layer.css
INFO: [ app_init ] --START--
INFO: Run Behavior\BuildLiteBehavior [ RunTime:0.000055s ]
INFO: [ app_init ] --END-- [ RunTime:0.000798s ]
ERR: 无法加载模块:Public

[ 2017-03-22T10:23:42+08:00 ] 127.0.0.1 /Public/H/js/plugins/layer/extend/layer.ext.js
INFO: [ app_init ] --START--
INFO: Run Behavior\BuildLiteBehavior [ RunTime:0.000059s ]
INFO: [ app_init ] --END-- [ RunTime:0.000869s ]
ERR: 无法加载模块:Public

[ 2017-03-22T10:23:47+08:00 ] 127.0.0.1 /index_v2.html?v=4.0
INFO: [ app_init ] --START--
INFO: Run Behavior\BuildLiteBehavior [ RunTime:0.000069s ]
INFO: [ app_init ] --END-- [ RunTime:0.000991s ]
ERR: 无法加载模块:Index_v2

[ 2017-03-22T10:23:47+08:00 ] 127.0.0.1 /Public/H/js/plugins/layer/skin/layer.css
INFO: [ app_init ] --START--
INFO: Run Behavior\BuildLiteBehavior [ RunTime:0.000079s ]
INFO: [ app_init ] --END-- [ RunTime:0.001317s ]
ERR: 无法加载模块:Public

[ 2017-03-22T10:23:47+08:00 ] 127.0.0.1 /Public/H/js/plugins/layer/extend/layer.ext.js
INFO: [ app_init ] --START--
INFO: Run Behavior\BuildLiteBehavior [ RunTime:0.000062s ]
INFO: [ app_init ] --END-- [ RunTime:0.000865s ]
ERR: 无法加载模块:Public

[ 2017-03-22T10:23:47+08:00 ] 127.0.0.1 /index_v2.html?v=4.0
INFO: [ app_init ] --START--
INFO: Run Behavior\BuildLiteBehavior [ RunTime:0.000065s ]
INFO: [ app_init ] --END-- [ RunTime:0.000892s ]
ERR: 无法加载模块:Index_v2

[ 2017-03-22T10:23:47+08:00 ] 127.0.0.1 /Public/H/js/plugins/layer/skin/layer.css
INFO: [ app_init ] --START--
INFO: Run Behavior\BuildLiteBehavior [ RunTime:0.000064s ]
INFO: [ app_init ] --END-- [ RunTime:0.000909s ]
ERR: 无法加载模块:Public

[ 2017-03-22T10:23:47+08:00 ] 127.0.0.1 /Public/H/js/plugins/layer/extend/layer.ext.js
INFO: [ app_init ] --START--
INFO: Run Behavior\BuildLiteBehavior [ RunTime:0.000032s ]
INFO: [ app_init ] --END-- [ RunTime:0.000527s ]
ERR: 无法加载模块:Public

[ 2017-03-22T10:24:26+08:00 ] 127.0.0.1 /index_v2.html?v=4.0
INFO: [ app_init ] --START--
INFO: Run Behavior\BuildLiteBehavior [ RunTime:0.000059s ]
INFO: [ app_init ] --END-- [ RunTime:0.000872s ]
ERR: 无法加载模块:Index_v2

[ 2017-03-22T10:24:26+08:00 ] 127.0.0.1 /Public/H/js/plugins/layer/extend/layer.ext.js
INFO: [ app_init ] --START--
INFO: Run Behavior\BuildLiteBehavior [ RunTime:0.000052s ]
INFO: [ app_init ] --END-- [ RunTime:0.000914s ]
ERR: 无法加载模块:Public

[ 2017-03-22T10:24:26+08:00 ] 127.0.0.1 /Public/H/js/plugins/layer/skin/layer.css
INFO: [ app_init ] --START--
INFO: Run Behavior\BuildLiteBehavior [ RunTime:0.000061s ]
INFO: [ app_init ] --END-- [ RunTime:0.001405s ]
ERR: 无法加载模块:Public

[ 2017-03-22T10:24:27+08:00 ] 127.0.0.1 /index_v2.html?v=4.0
INFO: [ app_init ] --START--
INFO: Run Behavior\BuildLiteBehavior [ RunTime:0.000095s ]
INFO: [ app_init ] --END-- [ RunTime:0.000976s ]
ERR: 无法加载模块:Index_v2

[ 2017-03-22T10:24:27+08:00 ] 127.0.0.1 /Public/H/js/plugins/layer/skin/layer.css
INFO: [ app_init ] --START--
INFO: Run Behavior\BuildLiteBehavior [ RunTime:0.000058s ]
INFO: [ app_init ] --END-- [ RunTime:0.000799s ]
ERR: 无法加载模块:Public

[ 2017-03-22T10:24:27+08:00 ] 127.0.0.1 /Public/H/js/plugins/layer/extend/layer.ext.js
INFO: [ app_init ] --START--
INFO: Run Behavior\BuildLiteBehavior [ RunTime:0.000033s ]
INFO: [ app_init ] --END-- [ RunTime:0.000674s ]
ERR: 无法加载模块:Public

[ 2017-03-22T10:24:38+08:00 ] 127.0.0.1 /index_v2.html?v=4.0
INFO: [ app_init ] --START--
INFO: Run Behavior\BuildLiteBehavior [ RunTime:0.000058s ]
INFO: [ app_init ] --END-- [ RunTime:0.000873s ]
ERR: 无法加载模块:Index_v2

[ 2017-03-22T10:24:38+08:00 ] 127.0.0.1 /Public/H/js/plugins/layer/skin/layer.css
INFO: [ app_init ] --START--
INFO: Run Behavior\BuildLiteBehavior [ RunTime:0.000033s ]
INFO: [ app_init ] --END-- [ RunTime:0.000535s ]
ERR: 无法加载模块:Public

[ 2017-03-22T10:24:38+08:00 ] 127.0.0.1 /Public/H/js/plugins/layer/extend/layer.ext.js
INFO: [ app_init ] --START--
INFO: Run Behavior\BuildLiteBehavior [ RunTime:0.000062s ]
INFO: [ app_init ] --END-- [ RunTime:0.001051s ]
ERR: 无法加载模块:Public

[ 2017-03-22T10:24:39+08:00 ] 127.0.0.1 /index_v2.html?v=4.0
INFO: [ app_init ] --START--
INFO: Run Behavior\BuildLiteBehavior [ RunTime:0.000107s ]
INFO: [ app_init ] --END-- [ RunTime:0.001476s ]
ERR: 无法加载模块:Index_v2

[ 2017-03-22T10:24:39+08:00 ] 127.0.0.1 /Public/H/js/plugins/layer/extend/layer.ext.js
INFO: [ app_init ] --START--
INFO: Run Behavior\BuildLiteBehavior [ RunTime:0.000053s ]
INFO: [ app_init ] --END-- [ RunTime:0.000773s ]
ERR: 无法加载模块:Public

[ 2017-03-22T10:24:39+08:00 ] 127.0.0.1 /Public/H/js/plugins/layer/skin/layer.css
INFO: [ app_init ] --START--
INFO: Run Behavior\BuildLiteBehavior [ RunTime:0.000053s ]
INFO: [ app_init ] --END-- [ RunTime:0.000784s ]
ERR: 无法加载模块:Public

[ 2017-03-22T10:24:48+08:00 ] 127.0.0.1 /index_v2.html?v=4.0
INFO: [ app_init ] --START--
INFO: Run Behavior\BuildLiteBehavior [ RunTime:0.000063s ]
INFO: [ app_init ] --END-- [ RunTime:0.001050s ]
ERR: 无法加载模块:Index_v2

[ 2017-03-22T10:24:49+08:00 ] 127.0.0.1 /Public/H/js/plugins/layer/skin/layer.css
INFO: [ app_init ] --START--
INFO: Run Behavior\BuildLiteBehavior [ RunTime:0.000032s ]
INFO: [ app_init ] --END-- [ RunTime:0.000518s ]
ERR: 无法加载模块:Public

[ 2017-03-22T10:24:49+08:00 ] 127.0.0.1 /Public/H/js/plugins/layer/extend/layer.ext.js
INFO: [ app_init ] --START--
INFO: Run Behavior\BuildLiteBehavior [ RunTime:0.000062s ]
INFO: [ app_init ] --END-- [ RunTime:0.001009s ]
ERR: 无法加载模块:Public

[ 2017-03-22T10:24:59+08:00 ] 127.0.0.1 /index_v2.html?v=4.0
INFO: [ app_init ] --START--
INFO: Run Behavior\BuildLiteBehavior [ RunTime:0.000078s ]
INFO: [ app_init ] --END-- [ RunTime:0.001224s ]
ERR: 无法加载模块:Index_v2

[ 2017-03-22T10:24:59+08:00 ] 127.0.0.1 /Public/H/js/plugins/layer/skin/layer.css
INFO: [ app_init ] --START--
INFO: Run Behavior\BuildLiteBehavior [ RunTime:0.000062s ]
INFO: [ app_init ] --END-- [ RunTime:0.000846s ]
ERR: 无法加载模块:Public

[ 2017-03-22T10:24:59+08:00 ] 127.0.0.1 /Public/H/js/plugins/layer/extend/layer.ext.js
INFO: [ app_init ] --START--
INFO: Run Behavior\BuildLiteBehavior [ RunTime:0.000032s ]
INFO: [ app_init ] --END-- [ RunTime:0.000540s ]
ERR: 无法加载模块:Public

[ 2017-03-22T10:25:03+08:00 ] 127.0.0.1 /index_v2.html?v=4.0
INFO: [ app_init ] --START--
INFO: Run Behavior\BuildLiteBehavior [ RunTime:0.000060s ]
INFO: [ app_init ] --END-- [ RunTime:0.000802s ]
ERR: 无法加载模块:Index_v2

[ 2017-03-22T10:25:03+08:00 ] 127.0.0.1 /Public/H/js/plugins/layer/skin/layer.css
INFO: [ app_init ] --START--
INFO: Run Behavior\BuildLiteBehavior [ RunTime:0.000032s ]
INFO: [ app_init ] --END-- [ RunTime:0.000530s ]
ERR: 无法加载模块:Public

[ 2017-03-22T10:25:03+08:00 ] 127.0.0.1 /Public/H/js/plugins/layer/extend/layer.ext.js
INFO: [ app_init ] --START--
INFO: Run Behavior\BuildLiteBehavior [ RunTime:0.000063s ]
INFO: [ app_init ] --END-- [ RunTime:0.000877s ]
ERR: 无法加载模块:Public

[ 2017-03-22T10:25:21+08:00 ] 127.0.0.1 /index_v2.html?v=4.0
INFO: [ app_init ] --START--
INFO: Run Behavior\BuildLiteBehavior [ RunTime:0.000065s ]
INFO: [ app_init ] --END-- [ RunTime:0.001055s ]
ERR: 无法加载模块:Index_v2

[ 2017-03-22T10:25:21+08:00 ] 127.0.0.1 /Public/H/js/plugins/layer/skin/layer.css
INFO: [ app_init ] --START--
INFO: Run Behavior\BuildLiteBehavior [ RunTime:0.000057s ]
INFO: [ app_init ] --END-- [ RunTime:0.000805s ]
ERR: 无法加载模块:Public

[ 2017-03-22T10:25:21+08:00 ] 127.0.0.1 /Public/H/js/plugins/layer/extend/layer.ext.js
INFO: [ app_init ] --START--
INFO: Run Behavior\BuildLiteBehavior [ RunTime:0.000060s ]
INFO: [ app_init ] --END-- [ RunTime:0.001025s ]
ERR: 无法加载模块:Public

[ 2017-03-22T10:25:25+08:00 ] 127.0.0.1 /index_v2.html?v=4.0
INFO: [ app_init ] --START--
INFO: Run Behavior\BuildLiteBehavior [ RunTime:0.000036s ]
INFO: [ app_init ] --END-- [ RunTime:0.000849s ]
ERR: 无法加载模块:Index_v2

[ 2017-03-22T10:25:25+08:00 ] 127.0.0.1 /Public/H/js/plugins/layer/skin/layer.css
INFO: [ app_init ] --START--
INFO: Run Behavior\BuildLiteBehavior [ RunTime:0.000032s ]
INFO: [ app_init ] --END-- [ RunTime:0.000520s ]
ERR: 无法加载模块:Public

[ 2017-03-22T10:25:25+08:00 ] 127.0.0.1 /Public/H/js/plugins/layer/extend/layer.ext.js
INFO: [ app_init ] --START--
INFO: Run Behavior\BuildLiteBehavior [ RunTime:0.000032s ]
INFO: [ app_init ] --END-- [ RunTime:0.000523s ]
ERR: 无法加载模块:Public

[ 2017-03-22T10:25:26+08:00 ] 127.0.0.1 /index_v2.html?v=4.0
INFO: [ app_init ] --START--
INFO: Run Behavior\BuildLiteBehavior [ RunTime:0.000061s ]
INFO: [ app_init ] --END-- [ RunTime:0.000905s ]
ERR: 无法加载模块:Index_v2

[ 2017-03-22T10:25:26+08:00 ] 127.0.0.1 /Public/H/js/plugins/layer/skin/layer.css
INFO: [ app_init ] --START--
INFO: Run Behavior\BuildLiteBehavior [ RunTime:0.000032s ]
INFO: [ app_init ] --END-- [ RunTime:0.000520s ]
ERR: 无法加载模块:Public

[ 2017-03-22T10:25:26+08:00 ] 127.0.0.1 /Public/H/js/plugins/layer/extend/layer.ext.js
INFO: [ app_init ] --START--
INFO: Run Behavior\BuildLiteBehavior [ RunTime:0.000058s ]
INFO: [ app_init ] --END-- [ RunTime:0.001044s ]
ERR: 无法加载模块:Public

[ 2017-03-22T10:25:28+08:00 ] 127.0.0.1 /index_v2.html?v=4.0
INFO: [ app_init ] --START--
INFO: Run Behavior\BuildLiteBehavior [ RunTime:0.000032s ]
INFO: [ app_init ] --END-- [ RunTime:0.000514s ]
ERR: 无法加载模块:Index_v2

[ 2017-03-22T10:25:28+08:00 ] 127.0.0.1 /Public/H/js/plugins/layer/skin/layer.css
INFO: [ app_init ] --START--
INFO: Run Behavior\BuildLiteBehavior [ RunTime:0.000060s ]
INFO: [ app_init ] --END-- [ RunTime:0.000923s ]
ERR: 无法加载模块:Public

[ 2017-03-22T10:25:28+08:00 ] 127.0.0.1 /Public/H/js/plugins/layer/extend/layer.ext.js
INFO: [ app_init ] --START--
INFO: Run Behavior\BuildLiteBehavior [ RunTime:0.000056s ]
INFO: [ app_init ] --END-- [ RunTime:0.000838s ]
ERR: 无法加载模块:Public

[ 2017-03-22T10:25:29+08:00 ] 127.0.0.1 /index_v2.html?v=4.0
INFO: [ app_init ] --START--
INFO: Run Behavior\BuildLiteBehavior [ RunTime:0.000062s ]
INFO: [ app_init ] --END-- [ RunTime:0.000894s ]
ERR: 无法加载模块:Index_v2

[ 2017-03-22T10:25:29+08:00 ] 127.0.0.1 /Public/H/js/plugins/layer/skin/layer.css
INFO: [ app_init ] --START--
INFO: Run Behavior\BuildLiteBehavior [ RunTime:0.000032s ]
INFO: [ app_init ] --END-- [ RunTime:0.000515s ]
ERR: 无法加载模块:Public

[ 2017-03-22T10:25:29+08:00 ] 127.0.0.1 /Public/H/js/plugins/layer/extend/layer.ext.js
INFO: [ app_init ] --START--
INFO: Run Behavior\BuildLiteBehavior [ RunTime:0.000067s ]
INFO: [ app_init ] --END-- [ RunTime:0.001118s ]
ERR: 无法加载模块:Public

[ 2017-03-22T10:25:29+08:00 ] 127.0.0.1 /index_v2.html?v=4.0
INFO: [ app_init ] --START--
INFO: Run Behavior\BuildLiteBehavior [ RunTime:0.000033s ]
INFO: [ app_init ] --END-- [ RunTime:0.000576s ]
ERR: 无法加载模块:Index_v2

[ 2017-03-22T10:25:29+08:00 ] 127.0.0.1 /Public/H/js/plugins/layer/skin/layer.css
INFO: [ app_init ] --START--
INFO: Run Behavior\BuildLiteBehavior [ RunTime:0.000032s ]
INFO: [ app_init ] --END-- [ RunTime:0.000524s ]
ERR: 无法加载模块:Public

[ 2017-03-22T10:25:29+08:00 ] 127.0.0.1 /Public/H/js/plugins/layer/extend/layer.ext.js
INFO: [ app_init ] --START--
INFO: Run Behavior\BuildLiteBehavior [ RunTime:0.000061s ]
INFO: [ app_init ] --END-- [ RunTime:0.000912s ]
ERR: 无法加载模块:Public

[ 2017-03-22T10:25:30+08:00 ] 127.0.0.1 /Public/H/js/plugins/layer/skin/layer.css
INFO: [ app_init ] --START--
INFO: Run Behavior\BuildLiteBehavior [ RunTime:0.000059s ]
INFO: [ app_init ] --END-- [ RunTime:0.000826s ]
ERR: 无法加载模块:Public

[ 2017-03-22T10:26:03+08:00 ] 127.0.0.1 /index_v2.html?v=4.0
INFO: [ app_init ] --START--
INFO: Run Behavior\BuildLiteBehavior [ RunTime:0.000056s ]
INFO: [ app_init ] --END-- [ RunTime:0.000847s ]
ERR: 无法加载模块:Index_v2

[ 2017-03-22T10:26:03+08:00 ] 127.0.0.1 /Public/H/js/plugins/layer/skin/layer.css
INFO: [ app_init ] --START--
INFO: Run Behavior\BuildLiteBehavior [ RunTime:0.000062s ]
INFO: [ app_init ] --END-- [ RunTime:0.000883s ]
ERR: 无法加载模块:Public

[ 2017-03-22T10:26:03+08:00 ] 127.0.0.1 /Public/H/js/plugins/layer/extend/layer.ext.js
INFO: [ app_init ] --START--
INFO: Run Behavior\BuildLiteBehavior [ RunTime:0.000054s ]
INFO: [ app_init ] --END-- [ RunTime:0.000891s ]
ERR: 无法加载模块:Public

[ 2017-03-22T10:26:03+08:00 ] 127.0.0.1 /index_v2.html?v=4.0
INFO: [ app_init ] --START--
INFO: Run Behavior\BuildLiteBehavior [ RunTime:0.000031s ]
INFO: [ app_init ] --END-- [ RunTime:0.000506s ]
ERR: 无法加载模块:Index_v2

[ 2017-03-22T10:26:03+08:00 ] 127.0.0.1 /Public/H/js/plugins/layer/skin/layer.css
INFO: [ app_init ] --START--
INFO: Run Behavior\BuildLiteBehavior [ RunTime:0.000033s ]
INFO: [ app_init ] --END-- [ RunTime:0.000522s ]
ERR: 无法加载模块:Public

[ 2017-03-22T10:26:03+08:00 ] 127.0.0.1 /Public/H/js/plugins/layer/extend/layer.ext.js
INFO: [ app_init ] --START--
INFO: Run Behavior\BuildLiteBehavior [ RunTime:0.000062s ]
INFO: [ app_init ] --END-- [ RunTime:0.000949s ]
ERR: 无法加载模块:Public

[ 2017-03-22T10:26:25+08:00 ] 127.0.0.1 /index_v2.html?v=4.0
INFO: [ app_init ] --START--
INFO: Run Behavior\BuildLiteBehavior [ RunTime:0.000035s ]
INFO: [ app_init ] --END-- [ RunTime:0.000784s ]
ERR: 无法加载模块:Index_v2

[ 2017-03-22T10:26:25+08:00 ] 127.0.0.1 /Public/H/js/plugins/layer/skin/layer.css
INFO: [ app_init ] --START--
INFO: Run Behavior\BuildLiteBehavior [ RunTime:0.000033s ]
INFO: [ app_init ] --END-- [ RunTime:0.000510s ]
ERR: 无法加载模块:Public

[ 2017-03-22T10:26:25+08:00 ] 127.0.0.1 /Public/H/js/plugins/layer/extend/layer.ext.js
INFO: [ app_init ] --START--
INFO: Run Behavior\BuildLiteBehavior [ RunTime:0.000060s ]
INFO: [ app_init ] --END-- [ RunTime:0.000826s ]
ERR: 无法加载模块:Public

[ 2017-03-22T10:26:26+08:00 ] 127.0.0.1 /index_v2.html?v=4.0
INFO: [ app_init ] --START--
INFO: Run Behavior\BuildLiteBehavior [ RunTime:0.000035s ]
INFO: [ app_init ] --END-- [ RunTime:0.000993s ]
ERR: 无法加载模块:Index_v2

[ 2017-03-22T10:26:26+08:00 ] 127.0.0.1 /Public/H/js/plugins/layer/skin/layer.css
INFO: [ app_init ] --START--
INFO: Run Behavior\BuildLiteBehavior [ RunTime:0.000033s ]
INFO: [ app_init ] --END-- [ RunTime:0.000628s ]
ERR: 无法加载模块:Public

[ 2017-03-22T10:26:26+08:00 ] 127.0.0.1 /Public/H/js/plugins/layer/extend/layer.ext.js
INFO: [ app_init ] --START--
INFO: Run Behavior\BuildLiteBehavior [ RunTime:0.000063s ]
INFO: [ app_init ] --END-- [ RunTime:0.000817s ]
ERR: 无法加载模块:Public

[ 2017-03-22T10:26:33+08:00 ] 127.0.0.1 /Public/H/js/plugins/layer/skin/layer.css
INFO: [ app_init ] --START--
INFO: Run Behavior\BuildLiteBehavior [ RunTime:0.000046s ]
INFO: [ app_init ] --END-- [ RunTime:0.000629s ]
ERR: 无法加载模块:Public

[ 2017-03-22T10:27:26+08:00 ] 127.0.0.1 /index_v2.html?v=4.0
INFO: [ app_init ] --START--
INFO: Run Behavior\BuildLiteBehavior [ RunTime:0.000033s ]
INFO: [ app_init ] --END-- [ RunTime:0.000607s ]
ERR: 无法加载模块:Index_v2

[ 2017-03-22T10:27:26+08:00 ] 127.0.0.1 /Public/H/js/plugins/layer/skin/layer.css
INFO: [ app_init ] --START--
INFO: Run Behavior\BuildLiteBehavior [ RunTime:0.000032s ]
INFO: [ app_init ] --END-- [ RunTime:0.000519s ]
ERR: 无法加载模块:Public

[ 2017-03-22T10:27:26+08:00 ] 127.0.0.1 /Public/H/js/plugins/layer/extend/layer.ext.js
INFO: [ app_init ] --START--
INFO: Run Behavior\BuildLiteBehavior [ RunTime:0.000060s ]
INFO: [ app_init ] --END-- [ RunTime:0.000919s ]
ERR: 无法加载模块:Public

[ 2017-03-22T10:27:35+08:00 ] 127.0.0.1 /index_v3.html?v=4.0
INFO: [ app_init ] --START--
INFO: Run Behavior\BuildLiteBehavior [ RunTime:0.000032s ]
INFO: [ app_init ] --END-- [ RunTime:0.000614s ]
ERR: 无法加载模块:Index_v3

[ 2017-03-22T10:29:38+08:00 ] 127.0.0.1 /Public/H/js/plugins/layer/skin/layer.css
INFO: [ app_init ] --START--
INFO: Run Behavior\BuildLiteBehavior [ RunTime:0.000053s ]
INFO: [ app_init ] --END-- [ RunTime:0.000719s ]
ERR: 无法加载模块:Public

[ 2017-03-22T10:43:59+08:00 ] 127.0.0.1 /index_v2.html?v=4.0
INFO: [ app_init ] --START--
INFO: Run Behavior\BuildLiteBehavior [ RunTime:0.000062s ]
INFO: [ app_init ] --END-- [ RunTime:0.000919s ]
ERR: 无法加载模块:Index_v2

[ 2017-03-22T10:44:00+08:00 ] 127.0.0.1 /Public/H/js/plugins/layer/skin/layer.css
INFO: [ app_init ] --START--
INFO: Run Behavior\BuildLiteBehavior [ RunTime:0.000059s ]
INFO: [ app_init ] --END-- [ RunTime:0.000975s ]
ERR: 无法加载模块:Public

[ 2017-03-22T10:44:00+08:00 ] 127.0.0.1 /Public/H/js/plugins/layer/extend/layer.ext.js
INFO: [ app_init ] --START--
INFO: Run Behavior\BuildLiteBehavior [ RunTime:0.000065s ]
INFO: [ app_init ] --END-- [ RunTime:0.001096s ]
ERR: 无法加载模块:Public

[ 2017-03-22T10:48:23+08:00 ] 127.0.0.1 /Public/H/js/plugins/layer/skin/layer.css
INFO: [ app_init ] --START--
INFO: Run Behavior\BuildLiteBehavior [ RunTime:0.000053s ]
INFO: [ app_init ] --END-- [ RunTime:0.000897s ]
ERR: 无法加载模块:Public

[ 2017-03-22T10:49:14+08:00 ] 127.0.0.1 /index_v2.html?v=4.0
INFO: [ app_init ] --START--
INFO: Run Behavior\BuildLiteBehavior [ RunTime:0.000060s ]
INFO: [ app_init ] --END-- [ RunTime:0.001161s ]
ERR: 无法加载模块:Index_v2

[ 2017-03-22T10:49:14+08:00 ] 127.0.0.1 /Public/H/js/plugins/layer/skin/layer.css
INFO: [ app_init ] --START--
INFO: Run Behavior\BuildLiteBehavior [ RunTime:0.000060s ]
INFO: [ app_init ] --END-- [ RunTime:0.000888s ]
ERR: 无法加载模块:Public

[ 2017-03-22T10:49:14+08:00 ] 127.0.0.1 /Public/H/js/plugins/layer/extend/layer.ext.js
INFO: [ app_init ] --START--
INFO: Run Behavior\BuildLiteBehavior [ RunTime:0.000059s ]
INFO: [ app_init ] --END-- [ RunTime:0.000930s ]
ERR: 无法加载模块:Public

[ 2017-03-22T10:52:02+08:00 ] 127.0.0.1 /Public/H/js/plugins/layer/skin/layer.css
INFO: [ app_init ] --START--
INFO: Run Behavior\BuildLiteBehavior [ RunTime:0.000058s ]
INFO: [ app_init ] --END-- [ RunTime:0.000674s ]
ERR: 无法加载模块:Public

[ 2017-03-22T22:03:57+08:00 ] 127.0.0.1 /index_v2.html?v=4.0
INFO: [ app_init ] --START--
INFO: Run Behavior\BuildLiteBehavior [ RunTime:0.000064s ]
INFO: [ app_init ] --END-- [ RunTime:0.000987s ]
ERR: 无法加载模块:Index_v2

[ 2017-03-22T22:03:58+08:00 ] 127.0.0.1 /Public/H/js/plugins/layer/skin/layer.css
INFO: [ app_init ] --START--
INFO: Run Behavior\BuildLiteBehavior [ RunTime:0.000058s ]
INFO: [ app_init ] --END-- [ RunTime:0.000896s ]
ERR: 无法加载模块:Public

[ 2017-03-22T22:03:58+08:00 ] 127.0.0.1 /Public/H/js/plugins/layer/extend/layer.ext.js
INFO: [ app_init ] --START--
INFO: Run Behavior\BuildLiteBehavior [ RunTime:0.000060s ]
INFO: [ app_init ] --END-- [ RunTime:0.001013s ]
ERR: 无法加载模块:Public

[ 2017-03-22T22:31:32+08:00 ] 127.0.0.1 /Public/layui/font-awesome/css/font-awesome.min.css
INFO: [ app_init ] --START--
INFO: Run Behavior\BuildLiteBehavior [ RunTime:0.000063s ]
INFO: [ app_init ] --END-- [ RunTime:0.001020s ]
ERR: 无法加载模块:Public

[ 2017-03-22T22:31:32+08:00 ] 127.0.0.1 /Public/layui/css/layui.css
INFO: [ app_init ] --START--
INFO: Run Behavior\BuildLiteBehavior [ RunTime:0.000066s ]
INFO: [ app_init ] --END-- [ RunTime:0.001002s ]
ERR: 无法加载模块:Public

[ 2017-03-22T22:31:32+08:00 ] 127.0.0.1 /Public/layui/layui.js
INFO: [ app_init ] --START--
INFO: Run Behavior\BuildLiteBehavior [ RunTime:0.000057s ]
INFO: [ app_init ] --END-- [ RunTime:0.000896s ]
ERR: 无法加载模块:Public

[ 2017-03-22T22:31:33+08:00 ] 127.0.0.1 /Public/H/fonts/fontawesome-webfont.eot?v=4.4.0
INFO: [ app_init ] --START--
INFO: Run Behavior\BuildLiteBehavior [ RunTime:0.000037s ]
INFO: [ app_init ] --END-- [ RunTime:0.000679s ]
ERR: 无法加载模块:Public

[ 2017-03-22T22:33:06+08:00 ] 127.0.0.1 /Public/layui/css/layui.css
INFO: [ app_init ] --START--
INFO: Run Behavior\BuildLiteBehavior [ RunTime:0.000060s ]
INFO: [ app_init ] --END-- [ RunTime:0.001062s ]
ERR: 无法加载模块:Public

[ 2017-03-22T22:33:06+08:00 ] 127.0.0.1 /Public/layui/font-awesome/css/font-awesome.min.css
INFO: [ app_init ] --START--
INFO: Run Behavior\BuildLiteBehavior [ RunTime:0.000060s ]
INFO: [ app_init ] --END-- [ RunTime:0.000888s ]
ERR: 无法加载模块:Public

[ 2017-03-22T22:33:06+08:00 ] 127.0.0.1 /Public/layui/layui.js
INFO: [ app_init ] --START--
INFO: Run Behavior\BuildLiteBehavior [ RunTime:0.000059s ]
INFO: [ app_init ] --END-- [ RunTime:0.000924s ]
ERR: 无法加载模块:Public

[ 2017-03-22T22:33:06+08:00 ] 127.0.0.1 /Public/H/fonts/fontawesome-webfont.eot?v=4.4.0
INFO: [ app_init ] --START--
INFO: Run Behavior\BuildLiteBehavior [ RunTime:0.000062s ]
INFO: [ app_init ] --END-- [ RunTime:0.000865s ]
ERR: 无法加载模块:Public

[ 2017-03-22T22:36:10+08:00 ] 127.0.0.1 /Public/layui/css/layui.css
INFO: [ app_init ] --START--
INFO: Run Behavior\BuildLiteBehavior [ RunTime:0.000034s ]
INFO: [ app_init ] --END-- [ RunTime:0.000588s ]
ERR: 无法加载模块:Public

[ 2017-03-22T22:36:10+08:00 ] 127.0.0.1 /Public/layui/font-awesome/css/font-awesome.min.css
INFO: [ app_init ] --START--
INFO: Run Behavior\BuildLiteBehavior [ RunTime:0.000032s ]
INFO: [ app_init ] --END-- [ RunTime:0.000655s ]
ERR: 无法加载模块:Public

[ 2017-03-22T22:36:10+08:00 ] 127.0.0.1 /Public/H/fonts/fontawesome-webfont.eot?v=4.4.0
INFO: [ app_init ] --START--
INFO: Run Behavior\BuildLiteBehavior [ RunTime:0.000032s ]
INFO: [ app_init ] --END-- [ RunTime:0.000534s ]
ERR: 无法加载模块:Public

[ 2017-03-22T22:36:11+08:00 ] 127.0.0.1 /Public/layui/layui.js
INFO: [ app_init ] --START--
INFO: Run Behavior\BuildLiteBehavior [ RunTime:0.000057s ]
INFO: [ app_init ] --END-- [ RunTime:0.000735s ]
ERR: 无法加载模块:Public

[ 2017-03-22T22:36:25+08:00 ] 127.0.0.1 /Public/H/js/plugins/layer/skin/layer.css
INFO: [ app_init ] --START--
INFO: Run Behavior\BuildLiteBehavior [ RunTime:0.000054s ]
INFO: [ app_init ] --END-- [ RunTime:0.000809s ]
ERR: 无法加载模块:Public

[ 2017-03-22T22:59:27+08:00 ] 127.0.0.1 /index_v2.html?v=4.0
INFO: [ app_init ] --START--
INFO: Run Behavior\BuildLiteBehavior [ RunTime:0.000066s ]
INFO: [ app_init ] --END-- [ RunTime:0.001398s ]
ERR: 无法加载模块:Index_v2

[ 2017-03-22T22:59:27+08:00 ] 127.0.0.1 /Public/H/js/plugins/layer/skin/layer.css
INFO: [ app_init ] --START--
INFO: Run Behavior\BuildLiteBehavior [ RunTime:0.000033s ]
INFO: [ app_init ] --END-- [ RunTime:0.000592s ]
ERR: 无法加载模块:Public

[ 2017-03-22T22:59:27+08:00 ] 127.0.0.1 /Public/H/js/plugins/layer/extend/layer.ext.js
INFO: [ app_init ] --START--
INFO: Run Behavior\BuildLiteBehavior [ RunTime:0.000054s ]
INFO: [ app_init ] --END-- [ RunTime:0.000827s ]
ERR: 无法加载模块:Public

[ 2017-03-22T23:02:49+08:00 ] 127.0.0.1 /index_v2.html?v=4.0
INFO: [ app_init ] --START--
INFO: Run Behavior\BuildLiteBehavior [ RunTime:0.000058s ]
INFO: [ app_init ] --END-- [ RunTime:0.001027s ]
ERR: 无法加载模块:Index_v2

[ 2017-03-22T23:02:49+08:00 ] 127.0.0.1 /Public/H/js/plugins/layer/skin/layer.css
INFO: [ app_init ] --START--
INFO: Run Behavior\BuildLiteBehavior [ RunTime:0.000036s ]
INFO: [ app_init ] --END-- [ RunTime:0.000763s ]
ERR: 无法加载模块:Public

[ 2017-03-22T23:02:49+08:00 ] 127.0.0.1 /Public/H/js/plugins/layer/extend/layer.ext.js
INFO: [ app_init ] --START--
INFO: Run Behavior\BuildLiteBehavior [ RunTime:0.000061s ]
INFO: [ app_init ] --END-- [ RunTime:0.001027s ]
ERR: 无法加载模块:Public

