[ 2017-04-03T12:44:45+08:00 ] 127.0.0.1 /admin
INFO: [ app_init ] --START--
INFO: Run Behavior\BuildLiteBehavior [ RunTime:0.000061s ]
INFO: [ app_init ] --END-- [ RunTime:0.000855s ]
INFO: [ app_begin ] --START--
INFO: Run Behavior\ReadHtmlCacheBehavior [ RunTime:0.000596s ]
INFO: [ app_begin ] --END-- [ RunTime:0.000753s ]
INFO: [ view_parse ] --START--
INFO: [ template_filter ] --START--
INFO: Run Behavior\ContentReplaceBehavior [ RunTime:0.000098s ]
INFO: [ template_filter ] --END-- [ RunTime:0.000247s ]
INFO: Run Behavior\ParseTemplateBehavior [ RunTime:0.020686s ]
INFO: [ view_parse ] --END-- [ RunTime:0.020860s ]
INFO: [ view_filter ] --START--
INFO: Run Behavior\WriteHtmlCacheBehavior [ RunTime:0.000287s ]
INFO: [ view_filter ] --END-- [ RunTime:0.000412s ]
INFO: [ app_end ] --START--
INFO: Run Behavior\ShowPageTraceBehavior [ RunTime:0.000476s ]
INFO: [ app_end ] --END-- [ RunTime:0.000605s ]

[ 2017-04-03T12:44:48+08:00 ] 127.0.0.1 /admin/teacher?v=4.0
INFO: [ app_init ] --START--
INFO: Run Behavior\BuildLiteBehavior [ RunTime:0.000062s ]
INFO: [ app_init ] --END-- [ RunTime:0.000826s ]
INFO: [ app_begin ] --START--
INFO: Run Behavior\ReadHtmlCacheBehavior [ RunTime:0.000898s ]
INFO: [ app_begin ] --END-- [ RunTime:0.001124s ]
SQL: SHOW COLUMNS FROM `course_package` [ RunTime:0.0166s ]
SQL: SHOW COLUMNS FROM `course_package` [ RunTime:0.0033s ]
SQL: SELECT * FROM `course_package` WHERE ( topid=1 ) ORDER BY sort  [ RunTime:0.0005s ]
INFO: [ view_parse ] --START--
INFO: [ template_filter ] --START--
INFO: Run Behavior\ContentReplaceBehavior [ RunTime:0.000166s ]
INFO: [ template_filter ] --END-- [ RunTime:0.000316s ]
INFO: Run Behavior\ParseTemplateBehavior [ RunTime:0.032683s ]
INFO: [ view_parse ] --END-- [ RunTime:0.032839s ]
INFO: [ view_filter ] --START--
INFO: Run Behavior\WriteHtmlCacheBehavior [ RunTime:0.000332s ]
INFO: [ view_filter ] --END-- [ RunTime:0.000479s ]
INFO: [ app_end ] --START--
INFO: Run Behavior\ShowPageTraceBehavior [ RunTime:0.000648s ]
INFO: [ app_end ] --END-- [ RunTime:0.000871s ]

[ 2017-04-03T13:08:10+08:00 ] 127.0.0.1 /index.php?s=/Admin/Teacher/postfrom.html
INFO: [ app_init ] --START--
INFO: Run Behavior\BuildLiteBehavior [ RunTime:0.000030s ]
INFO: [ app_init ] --END-- [ RunTime:0.000538s ]
INFO: [ app_begin ] --START--
INFO: Run Behavior\ReadHtmlCacheBehavior [ RunTime:0.000669s ]
INFO: [ app_begin ] --END-- [ RunTime:0.000806s ]

[ 2017-04-03T13:08:19+08:00 ] 127.0.0.1 /admin/teacher?v=4.0
INFO: [ app_init ] --START--
INFO: Run Behavior\BuildLiteBehavior [ RunTime:0.000041s ]
INFO: [ app_init ] --END-- [ RunTime:0.000855s ]
INFO: [ app_begin ] --START--
INFO: Run Behavior\ReadHtmlCacheBehavior [ RunTime:0.000548s ]
INFO: [ app_begin ] --END-- [ RunTime:0.000721s ]
SQL: SHOW COLUMNS FROM `course_package` [ RunTime:0.0265s ]
SQL: SHOW COLUMNS FROM `course_package` [ RunTime:0.0032s ]
SQL: SELECT * FROM `course_package` WHERE ( topid=1 ) ORDER BY sort  [ RunTime:0.0005s ]
INFO: [ view_parse ] --START--
INFO: [ template_filter ] --START--
INFO: Run Behavior\ContentReplaceBehavior [ RunTime:0.000149s ]
INFO: [ template_filter ] --END-- [ RunTime:0.000356s ]
INFO: Run Behavior\ParseTemplateBehavior [ RunTime:0.017457s ]
INFO: [ view_parse ] --END-- [ RunTime:0.017741s ]
INFO: [ view_filter ] --START--
INFO: Run Behavior\WriteHtmlCacheBehavior [ RunTime:0.000739s ]
INFO: [ view_filter ] --END-- [ RunTime:0.000993s ]
INFO: [ app_end ] --START--
INFO: Run Behavior\ShowPageTraceBehavior [ RunTime:0.001207s ]
INFO: [ app_end ] --END-- [ RunTime:0.001482s ]

[ 2017-04-03T13:08:21+08:00 ] 127.0.0.1 /index.php?s=/Admin/Teacher/postfrom.html
INFO: [ app_init ] --START--
INFO: Run Behavior\BuildLiteBehavior [ RunTime:0.000028s ]
INFO: [ app_init ] --END-- [ RunTime:0.000473s ]
INFO: [ app_begin ] --START--
INFO: Run Behavior\ReadHtmlCacheBehavior [ RunTime:0.000483s ]
INFO: [ app_begin ] --END-- [ RunTime:0.000619s ]

[ 2017-04-03T13:08:48+08:00 ] 127.0.0.1 /admin/teacher?v=4.0
INFO: [ app_init ] --START--
INFO: Run Behavior\BuildLiteBehavior [ RunTime:0.000032s ]
INFO: [ app_init ] --END-- [ RunTime:0.000499s ]
INFO: [ app_begin ] --START--
INFO: Run Behavior\ReadHtmlCacheBehavior [ RunTime:0.000529s ]
INFO: [ app_begin ] --END-- [ RunTime:0.000668s ]
SQL: SHOW COLUMNS FROM `course_package` [ RunTime:0.0028s ]
SQL: SHOW COLUMNS FROM `course_package` [ RunTime:0.0026s ]
SQL: SELECT * FROM `course_package` WHERE ( topid=1 ) ORDER BY sort  [ RunTime:0.0004s ]
INFO: [ view_parse ] --START--
INFO: [ template_filter ] --START--
INFO: Run Behavior\ContentReplaceBehavior [ RunTime:0.000136s ]
INFO: [ template_filter ] --END-- [ RunTime:0.000276s ]
INFO: Run Behavior\ParseTemplateBehavior [ RunTime:0.010658s ]
INFO: [ view_parse ] --END-- [ RunTime:0.010805s ]
INFO: [ view_filter ] --START--
INFO: Run Behavior\WriteHtmlCacheBehavior [ RunTime:0.000289s ]
INFO: [ view_filter ] --END-- [ RunTime:0.000415s ]
INFO: [ app_end ] --START--
INFO: Run Behavior\ShowPageTraceBehavior [ RunTime:0.000626s ]
INFO: [ app_end ] --END-- [ RunTime:0.000796s ]

[ 2017-04-03T13:08:50+08:00 ] 127.0.0.1 /index.php?s=/Admin/Teacher/postfrom.html
INFO: [ app_init ] --START--
INFO: Run Behavior\BuildLiteBehavior [ RunTime:0.000052s ]
INFO: [ app_init ] --END-- [ RunTime:0.000733s ]
INFO: [ app_begin ] --START--
INFO: Run Behavior\ReadHtmlCacheBehavior [ RunTime:0.000696s ]
INFO: [ app_begin ] --END-- [ RunTime:0.000952s ]

[ 2017-04-03T13:08:52+08:00 ] 127.0.0.1 /index.php?s=/Admin/Teacher/postfrom.html
INFO: [ app_init ] --START--
INFO: Run Behavior\BuildLiteBehavior [ RunTime:0.000032s ]
INFO: [ app_init ] --END-- [ RunTime:0.000491s ]
INFO: [ app_begin ] --START--
INFO: Run Behavior\ReadHtmlCacheBehavior [ RunTime:0.000493s ]
INFO: [ app_begin ] --END-- [ RunTime:0.000638s ]

[ 2017-04-03T13:08:56+08:00 ] 127.0.0.1 /admin/teacher?v=4.0
INFO: [ app_init ] --START--
INFO: Run Behavior\BuildLiteBehavior [ RunTime:0.000030s ]
INFO: [ app_init ] --END-- [ RunTime:0.000497s ]
INFO: [ app_begin ] --START--
INFO: Run Behavior\ReadHtmlCacheBehavior [ RunTime:0.000501s ]
INFO: [ app_begin ] --END-- [ RunTime:0.000635s ]
SQL: SHOW COLUMNS FROM `course_package` [ RunTime:0.0028s ]
SQL: SHOW COLUMNS FROM `course_package` [ RunTime:0.0026s ]
SQL: SELECT * FROM `course_package` WHERE ( topid=1 ) ORDER BY sort  [ RunTime:0.0004s ]
INFO: [ view_parse ] --START--
INFO: [ template_filter ] --START--
INFO: Run Behavior\ContentReplaceBehavior [ RunTime:0.000136s ]
INFO: [ template_filter ] --END-- [ RunTime:0.000278s ]
INFO: Run Behavior\ParseTemplateBehavior [ RunTime:0.010950s ]
INFO: [ view_parse ] --END-- [ RunTime:0.011094s ]
INFO: [ view_filter ] --START--
INFO: Run Behavior\WriteHtmlCacheBehavior [ RunTime:0.000296s ]
INFO: [ view_filter ] --END-- [ RunTime:0.000421s ]
INFO: [ app_end ] --START--
INFO: Run Behavior\ShowPageTraceBehavior [ RunTime:0.000631s ]
INFO: [ app_end ] --END-- [ RunTime:0.000839s ]

[ 2017-04-03T13:08:59+08:00 ] 127.0.0.1 /index.php?s=/Admin/Teacher/postfrom.html
INFO: [ app_init ] --START--
INFO: Run Behavior\BuildLiteBehavior [ RunTime:0.000032s ]
INFO: [ app_init ] --END-- [ RunTime:0.000511s ]
INFO: [ app_begin ] --START--
INFO: Run Behavior\ReadHtmlCacheBehavior [ RunTime:0.000521s ]
INFO: [ app_begin ] --END-- [ RunTime:0.000664s ]

[ 2017-04-03T13:11:09+08:00 ] 127.0.0.1 /admin/teacher?v=4.0
INFO: [ app_init ] --START--
INFO: Run Behavior\BuildLiteBehavior [ RunTime:0.000032s ]
INFO: [ app_init ] --END-- [ RunTime:0.000583s ]
INFO: [ app_begin ] --START--
INFO: Run Behavior\ReadHtmlCacheBehavior [ RunTime:0.000893s ]
INFO: [ app_begin ] --END-- [ RunTime:0.001058s ]
SQL: SHOW COLUMNS FROM `course_package` [ RunTime:0.0029s ]
SQL: SHOW COLUMNS FROM `course_package` [ RunTime:0.0026s ]
SQL: SELECT * FROM `course_package` WHERE ( topid=1 ) ORDER BY sort  [ RunTime:0.0004s ]
INFO: [ view_parse ] --START--
INFO: [ template_filter ] --START--
INFO: Run Behavior\ContentReplaceBehavior [ RunTime:0.000227s ]
INFO: [ template_filter ] --END-- [ RunTime:0.000401s ]
INFO: Run Behavior\ParseTemplateBehavior [ RunTime:0.013291s ]
INFO: [ view_parse ] --END-- [ RunTime:0.013499s ]
INFO: [ view_filter ] --START--
INFO: Run Behavior\WriteHtmlCacheBehavior [ RunTime:0.000467s ]
INFO: [ view_filter ] --END-- [ RunTime:0.000604s ]
INFO: [ app_end ] --START--
INFO: Run Behavior\ShowPageTraceBehavior [ RunTime:0.000813s ]
INFO: [ app_end ] --END-- [ RunTime:0.000984s ]

[ 2017-04-03T13:11:16+08:00 ] 127.0.0.1 /admin/teacher?v=4.0
INFO: [ app_init ] --START--
INFO: Run Behavior\BuildLiteBehavior [ RunTime:0.000029s ]
INFO: [ app_init ] --END-- [ RunTime:0.000519s ]
INFO: [ app_begin ] --START--
INFO: Run Behavior\ReadHtmlCacheBehavior [ RunTime:0.000771s ]
INFO: [ app_begin ] --END-- [ RunTime:0.000947s ]
SQL: SHOW COLUMNS FROM `course_package` [ RunTime:0.0026s ]
SQL: SHOW COLUMNS FROM `course_package` [ RunTime:0.0027s ]
SQL: SELECT * FROM `course_package` WHERE ( topid=1 ) ORDER BY sort  [ RunTime:0.0004s ]
INFO: [ view_parse ] --START--
INFO: [ template_filter ] --START--
INFO: Run Behavior\ContentReplaceBehavior [ RunTime:0.000141s ]
INFO: [ template_filter ] --END-- [ RunTime:0.000296s ]
INFO: Run Behavior\ParseTemplateBehavior [ RunTime:0.013003s ]
INFO: [ view_parse ] --END-- [ RunTime:0.013157s ]
INFO: [ view_filter ] --START--
INFO: Run Behavior\WriteHtmlCacheBehavior [ RunTime:0.000518s ]
INFO: [ view_filter ] --END-- [ RunTime:0.000669s ]
INFO: [ app_end ] --START--
INFO: Run Behavior\ShowPageTraceBehavior [ RunTime:0.001107s ]
INFO: [ app_end ] --END-- [ RunTime:0.001388s ]

[ 2017-04-03T13:13:41+08:00 ] 127.0.0.1 /admin/teacher?v=4.0
INFO: [ app_init ] --START--
INFO: Run Behavior\BuildLiteBehavior [ RunTime:0.000033s ]
INFO: [ app_init ] --END-- [ RunTime:0.000598s ]
INFO: [ app_begin ] --START--
INFO: Run Behavior\ReadHtmlCacheBehavior [ RunTime:0.001573s ]
INFO: [ app_begin ] --END-- [ RunTime:0.002050s ]
SQL: SHOW COLUMNS FROM `course_package` [ RunTime:0.0029s ]
SQL: SHOW COLUMNS FROM `course_package` [ RunTime:0.0032s ]
SQL: SELECT * FROM `course_package` WHERE ( topid=1 ) ORDER BY sort  [ RunTime:0.0004s ]
INFO: [ view_parse ] --START--
INFO: [ template_filter ] --START--
INFO: Run Behavior\ContentReplaceBehavior [ RunTime:0.000180s ]
INFO: [ template_filter ] --END-- [ RunTime:0.000338s ]
INFO: Run Behavior\ParseTemplateBehavior [ RunTime:0.013445s ]
INFO: [ view_parse ] --END-- [ RunTime:0.013608s ]
INFO: [ view_filter ] --START--
INFO: Run Behavior\WriteHtmlCacheBehavior [ RunTime:0.000465s ]
INFO: [ view_filter ] --END-- [ RunTime:0.000598s ]
INFO: [ app_end ] --START--
INFO: Run Behavior\ShowPageTraceBehavior [ RunTime:0.000963s ]
INFO: [ app_end ] --END-- [ RunTime:0.001241s ]

[ 2017-04-03T13:15:10+08:00 ] 127.0.0.1 /admin/teacher?v=4.0
INFO: [ app_init ] --START--
INFO: Run Behavior\BuildLiteBehavior [ RunTime:0.000033s ]
INFO: [ app_init ] --END-- [ RunTime:0.000563s ]
INFO: [ app_begin ] --START--
INFO: Run Behavior\ReadHtmlCacheBehavior [ RunTime:0.000509s ]
INFO: [ app_begin ] --END-- [ RunTime:0.000643s ]
SQL: SHOW COLUMNS FROM `course_package` [ RunTime:0.0028s ]
SQL: SHOW COLUMNS FROM `course_package` [ RunTime:0.0025s ]
SQL: SELECT * FROM `course_package` WHERE ( topid=1 ) ORDER BY sort  [ RunTime:0.0005s ]
INFO: [ view_parse ] --START--
INFO: [ template_filter ] --START--
INFO: Run Behavior\ContentReplaceBehavior [ RunTime:0.000152s ]
INFO: [ template_filter ] --END-- [ RunTime:0.000310s ]
INFO: Run Behavior\ParseTemplateBehavior [ RunTime:0.012036s ]
INFO: [ view_parse ] --END-- [ RunTime:0.012256s ]
INFO: [ view_filter ] --START--
INFO: Run Behavior\WriteHtmlCacheBehavior [ RunTime:0.000379s ]
INFO: [ view_filter ] --END-- [ RunTime:0.000519s ]
INFO: [ app_end ] --START--
INFO: Run Behavior\ShowPageTraceBehavior [ RunTime:0.000845s ]
INFO: [ app_end ] --END-- [ RunTime:0.001118s ]

[ 2017-04-03T13:16:44+08:00 ] 127.0.0.1 /admin/teacher?v=4.0
INFO: [ app_init ] --START--
INFO: Run Behavior\BuildLiteBehavior [ RunTime:0.000032s ]
INFO: [ app_init ] --END-- [ RunTime:0.000574s ]
INFO: [ app_begin ] --START--
INFO: Run Behavior\ReadHtmlCacheBehavior [ RunTime:0.001175s ]
INFO: [ app_begin ] --END-- [ RunTime:0.001819s ]
SQL: SHOW COLUMNS FROM `course_package` [ RunTime:0.0038s ]
SQL: SHOW COLUMNS FROM `course_package` [ RunTime:0.0028s ]
SQL: SELECT * FROM `course_package` WHERE ( topid=1 ) ORDER BY sort  [ RunTime:0.0004s ]
INFO: [ view_parse ] --START--
INFO: [ template_filter ] --START--
INFO: Run Behavior\ContentReplaceBehavior [ RunTime:0.000164s ]
INFO: [ template_filter ] --END-- [ RunTime:0.000320s ]
INFO: Run Behavior\ParseTemplateBehavior [ RunTime:0.012430s ]
INFO: [ view_parse ] --END-- [ RunTime:0.012589s ]
INFO: [ view_filter ] --START--
INFO: Run Behavior\WriteHtmlCacheBehavior [ RunTime:0.000517s ]
INFO: [ view_filter ] --END-- [ RunTime:0.000702s ]
INFO: [ app_end ] --START--
INFO: Run Behavior\ShowPageTraceBehavior [ RunTime:0.001117s ]
INFO: [ app_end ] --END-- [ RunTime:0.001377s ]

[ 2017-04-03T14:18:17+08:00 ] 127.0.0.1 /admin/teacher?v=4.0
INFO: [ app_init ] --START--
INFO: Run Behavior\BuildLiteBehavior [ RunTime:0.000031s ]
INFO: [ app_init ] --END-- [ RunTime:0.000653s ]
INFO: [ app_begin ] --START--
INFO: Run Behavior\ReadHtmlCacheBehavior [ RunTime:0.001614s ]
INFO: [ app_begin ] --END-- [ RunTime:0.001775s ]
SQL: SHOW COLUMNS FROM `course_package` [ RunTime:0.0027s ]
SQL: SHOW COLUMNS FROM `course_package` [ RunTime:0.0031s ]
SQL: SELECT * FROM `course_package` WHERE ( topid=1 ) ORDER BY sort  [ RunTime:0.0260s ]
ERR: 1146:Table 'hmcms.test_oalce' doesn't exist
 [ SQL语句 ] : SHOW COLUMNS FROM `test_oalce`
ERR: 1146:Table 'hmcms.test_oalce' doesn't exist
 [ SQL语句 ] : SHOW COLUMNS FROM `test_oalce`

[ 2017-04-03T14:18:34+08:00 ] 127.0.0.1 /admin/teacher?v=4.0
INFO: [ app_init ] --START--
INFO: Run Behavior\BuildLiteBehavior [ RunTime:0.000050s ]
INFO: [ app_init ] --END-- [ RunTime:0.000673s ]
INFO: [ app_begin ] --START--
INFO: Run Behavior\ReadHtmlCacheBehavior [ RunTime:0.001468s ]
INFO: [ app_begin ] --END-- [ RunTime:0.001701s ]
SQL: SHOW COLUMNS FROM `course_package` [ RunTime:0.0031s ]
SQL: SHOW COLUMNS FROM `course_package` [ RunTime:0.0024s ]
SQL: SELECT * FROM `course_package` WHERE ( topid=1 ) ORDER BY sort  [ RunTime:0.0003s ]
SQL: SHOW COLUMNS FROM `test_place` [ RunTime:0.0027s ]

[ 2017-04-03T14:18:46+08:00 ] 127.0.0.1 /admin/teacher?v=4.0
INFO: [ app_init ] --START--
INFO: Run Behavior\BuildLiteBehavior [ RunTime:0.000063s ]
INFO: [ app_init ] --END-- [ RunTime:0.000958s ]
INFO: [ app_begin ] --START--
INFO: Run Behavior\ReadHtmlCacheBehavior [ RunTime:0.001082s ]
INFO: [ app_begin ] --END-- [ RunTime:0.001339s ]
SQL: SHOW COLUMNS FROM `course_package` [ RunTime:0.0120s ]
SQL: SHOW COLUMNS FROM `course_package` [ RunTime:0.0024s ]
SQL: SELECT * FROM `course_package` WHERE ( topid=1 ) ORDER BY sort  [ RunTime:0.0004s ]
SQL: SHOW COLUMNS FROM `test_place` [ RunTime:0.0036s ]

[ 2017-04-03T14:18:47+08:00 ] 127.0.0.1 /admin/teacher?v=4.0
INFO: [ app_init ] --START--
INFO: Run Behavior\BuildLiteBehavior [ RunTime:0.000031s ]
INFO: [ app_init ] --END-- [ RunTime:0.000588s ]
INFO: [ app_begin ] --START--
INFO: Run Behavior\ReadHtmlCacheBehavior [ RunTime:0.000982s ]
INFO: [ app_begin ] --END-- [ RunTime:0.001134s ]
SQL: SHOW COLUMNS FROM `course_package` [ RunTime:0.0026s ]
SQL: SHOW COLUMNS FROM `course_package` [ RunTime:0.0029s ]
SQL: SELECT * FROM `course_package` WHERE ( topid=1 ) ORDER BY sort  [ RunTime:0.0003s ]
SQL: SHOW COLUMNS FROM `test_place` [ RunTime:0.0023s ]

[ 2017-04-03T14:19:12+08:00 ] 127.0.0.1 /admin/teacher?v=4.0
INFO: [ app_init ] --START--
INFO: Run Behavior\BuildLiteBehavior [ RunTime:0.000028s ]
INFO: [ app_init ] --END-- [ RunTime:0.000527s ]
INFO: [ app_begin ] --START--
INFO: Run Behavior\ReadHtmlCacheBehavior [ RunTime:0.001331s ]
INFO: [ app_begin ] --END-- [ RunTime:0.001590s ]
SQL: SHOW COLUMNS FROM `course_package` [ RunTime:0.0029s ]
SQL: SHOW COLUMNS FROM `course_package` [ RunTime:0.0039s ]
SQL: SELECT * FROM `course_package` WHERE ( topid=1 ) ORDER BY sort  [ RunTime:0.0004s ]
SQL: SHOW COLUMNS FROM `test_place` [ RunTime:0.0029s ]
ERR: 1054:Unknown column 'top_id' in 'where clause'
 [ SQL语句 ] : SELECT * FROM `test_place` WHERE ( top_id=0 ) 
ERR: 1054:Unknown column 'top_id' in 'where clause'
 [ SQL语句 ] : SELECT * FROM `test_place` WHERE ( top_id=0 ) 

[ 2017-04-03T14:19:57+08:00 ] 127.0.0.1 /admin/teacher?v=4.0
INFO: [ app_init ] --START--
INFO: Run Behavior\BuildLiteBehavior [ RunTime:0.000031s ]
INFO: [ app_init ] --END-- [ RunTime:0.000632s ]
INFO: [ app_begin ] --START--
INFO: Run Behavior\ReadHtmlCacheBehavior [ RunTime:0.001741s ]
INFO: [ app_begin ] --END-- [ RunTime:0.001923s ]
SQL: SHOW COLUMNS FROM `course_package` [ RunTime:0.0028s ]
SQL: SHOW COLUMNS FROM `course_package` [ RunTime:0.0025s ]
SQL: SELECT * FROM `course_package` WHERE ( topid=1 ) ORDER BY sort  [ RunTime:0.0004s ]
SQL: SHOW COLUMNS FROM `test_place` [ RunTime:0.0027s ]
SQL: SELECT * FROM `test_place` WHERE ( topid=0 )  [ RunTime:0.0004s ]
INFO: [ view_parse ] --START--
INFO: [ template_filter ] --START--
INFO: Run Behavior\ContentReplaceBehavior [ RunTime:0.000208s ]
INFO: [ template_filter ] --END-- [ RunTime:0.000425s ]
NOTIC: [8] Undefined variable: region E:\xampp\htdocs\HMcms\Application\Runtime\Cache\Admin\a5670205d9174c981d4ca99e961680e1.php 第 266 行.
INFO: Run Behavior\ParseTemplateBehavior [ RunTime:0.017904s ]
INFO: [ view_parse ] --END-- [ RunTime:0.018061s ]
INFO: [ view_filter ] --START--
INFO: Run Behavior\WriteHtmlCacheBehavior [ RunTime:0.000794s ]
INFO: [ view_filter ] --END-- [ RunTime:0.000929s ]
INFO: [ app_end ] --START--
INFO: Run Behavior\ShowPageTraceBehavior [ RunTime:0.001433s ]
INFO: [ app_end ] --END-- [ RunTime:0.001598s ]

[ 2017-04-03T14:20:42+08:00 ] 127.0.0.1 /admin/teacher?v=4.0
INFO: [ app_init ] --START--
INFO: Run Behavior\BuildLiteBehavior [ RunTime:0.000032s ]
INFO: [ app_init ] --END-- [ RunTime:0.000579s ]
INFO: [ app_begin ] --START--
INFO: Run Behavior\ReadHtmlCacheBehavior [ RunTime:0.001418s ]
INFO: [ app_begin ] --END-- [ RunTime:0.001621s ]
SQL: SHOW COLUMNS FROM `course_package` [ RunTime:0.0029s ]
SQL: SHOW COLUMNS FROM `course_package` [ RunTime:0.0029s ]
SQL: SELECT * FROM `course_package` WHERE ( topid=1 ) ORDER BY sort  [ RunTime:0.0004s ]
SQL: SHOW COLUMNS FROM `test_place` [ RunTime:0.0026s ]
SQL: SELECT * FROM `test_place` WHERE ( topid=0 )  [ RunTime:0.0004s ]
INFO: [ view_parse ] --START--
INFO: [ template_filter ] --START--
INFO: Run Behavior\ContentReplaceBehavior [ RunTime:0.000155s ]
INFO: [ template_filter ] --END-- [ RunTime:0.000319s ]
NOTIC: [8] Undefined variable: region E:\xampp\htdocs\HMcms\Application\Runtime\Cache\Admin\a5670205d9174c981d4ca99e961680e1.php 第 266 行.
INFO: Run Behavior\ParseTemplateBehavior [ RunTime:0.018433s ]
INFO: [ view_parse ] --END-- [ RunTime:0.018704s ]
INFO: [ view_filter ] --START--
INFO: Run Behavior\WriteHtmlCacheBehavior [ RunTime:0.000968s ]
INFO: [ view_filter ] --END-- [ RunTime:0.001120s ]
INFO: [ app_end ] --START--
INFO: Run Behavior\ShowPageTraceBehavior [ RunTime:0.001472s ]
INFO: [ app_end ] --END-- [ RunTime:0.001690s ]

[ 2017-04-03T14:20:57+08:00 ] 127.0.0.1 /admin/teacher?v=4.0
INFO: [ app_init ] --START--
INFO: Run Behavior\BuildLiteBehavior [ RunTime:0.000034s ]
INFO: [ app_init ] --END-- [ RunTime:0.000717s ]
INFO: [ app_begin ] --START--
INFO: Run Behavior\ReadHtmlCacheBehavior [ RunTime:0.001033s ]
INFO: [ app_begin ] --END-- [ RunTime:0.001182s ]
SQL: SHOW COLUMNS FROM `course_package` [ RunTime:0.0029s ]
SQL: SHOW COLUMNS FROM `course_package` [ RunTime:0.0025s ]
SQL: SELECT * FROM `course_package` WHERE ( topid=1 ) ORDER BY sort  [ RunTime:0.0005s ]
SQL: SHOW COLUMNS FROM `test_place` [ RunTime:0.0030s ]
SQL: SELECT * FROM `test_place` WHERE ( topid=0 )  [ RunTime:0.0005s ]
INFO: [ view_parse ] --START--
INFO: [ template_filter ] --START--
INFO: Run Behavior\ContentReplaceBehavior [ RunTime:0.000170s ]
INFO: [ template_filter ] --END-- [ RunTime:0.000330s ]
NOTIC: [8] Undefined variable: region E:\xampp\htdocs\HMcms\Application\Runtime\Cache\Admin\a5670205d9174c981d4ca99e961680e1.php 第 266 行.
INFO: Run Behavior\ParseTemplateBehavior [ RunTime:0.024864s ]
INFO: [ view_parse ] --END-- [ RunTime:0.025073s ]
INFO: [ view_filter ] --START--
INFO: Run Behavior\WriteHtmlCacheBehavior [ RunTime:0.000828s ]
INFO: [ view_filter ] --END-- [ RunTime:0.000968s ]
NOTIC: [2] Cannot modify header information - headers already sent by (output started at E:\xampp\htdocs\HMcms\Application\Admin\Controller\TeacherController.class.php:20) E:\xampp\htdocs\HMcms\ThinkPHP\Library\Think\View.class.php 第 91 行.
NOTIC: [2] Cannot modify header information - headers already sent by (output started at E:\xampp\htdocs\HMcms\Application\Admin\Controller\TeacherController.class.php:20) E:\xampp\htdocs\HMcms\ThinkPHP\Library\Think\View.class.php 第 92 行.
NOTIC: [2] Cannot modify header information - headers already sent by (output started at E:\xampp\htdocs\HMcms\Application\Admin\Controller\TeacherController.class.php:20) E:\xampp\htdocs\HMcms\ThinkPHP\Library\Think\View.class.php 第 93 行.
INFO: [ app_end ] --START--
INFO: Run Behavior\ShowPageTraceBehavior [ RunTime:0.001083s ]
INFO: [ app_end ] --END-- [ RunTime:0.001233s ]

[ 2017-04-03T14:21:08+08:00 ] 127.0.0.1 /admin/teacher?v=4.0
INFO: [ app_init ] --START--
INFO: Run Behavior\BuildLiteBehavior [ RunTime:0.000034s ]
INFO: [ app_init ] --END-- [ RunTime:0.000710s ]
INFO: [ app_begin ] --START--
INFO: Run Behavior\ReadHtmlCacheBehavior [ RunTime:0.001056s ]
INFO: [ app_begin ] --END-- [ RunTime:0.001212s ]
SQL: SHOW COLUMNS FROM `course_package` [ RunTime:0.0027s ]
SQL: SHOW COLUMNS FROM `course_package` [ RunTime:0.0028s ]
SQL: SELECT * FROM `course_package` WHERE ( topid=1 ) ORDER BY sort  [ RunTime:0.0004s ]
SQL: SHOW COLUMNS FROM `test_place` [ RunTime:0.0029s ]
SQL: SELECT * FROM `test_place` WHERE ( topid=0 )  [ RunTime:0.0004s ]

[ 2017-04-03T14:21:49+08:00 ] 127.0.0.1 /admin/teacher?v=4.0
INFO: [ app_init ] --START--
INFO: Run Behavior\BuildLiteBehavior [ RunTime:0.000034s ]
INFO: [ app_init ] --END-- [ RunTime:0.000609s ]
INFO: [ app_begin ] --START--
INFO: Run Behavior\ReadHtmlCacheBehavior [ RunTime:0.001036s ]
INFO: [ app_begin ] --END-- [ RunTime:0.001191s ]
SQL: SHOW COLUMNS FROM `course_package` [ RunTime:0.0025s ]
SQL: SHOW COLUMNS FROM `course_package` [ RunTime:0.0025s ]
SQL: SELECT * FROM `course_package` WHERE ( topid=1 ) ORDER BY sort  [ RunTime:0.0004s ]
SQL: SHOW COLUMNS FROM `test_place` [ RunTime:0.0022s ]
SQL: SELECT * FROM `test_place` WHERE ( topid=0 )  [ RunTime:0.0004s ]
INFO: [ view_parse ] --START--
INFO: [ template_filter ] --START--
INFO: Run Behavior\ContentReplaceBehavior [ RunTime:0.000149s ]
INFO: [ template_filter ] --END-- [ RunTime:0.000315s ]
NOTIC: [8] Undefined index: id E:\xampp\htdocs\HMcms\Application\Runtime\Cache\Admin\a5670205d9174c981d4ca99e961680e1.php 第 266 行.
NOTIC: [8] Undefined index: place_name E:\xampp\htdocs\HMcms\Application\Runtime\Cache\Admin\a5670205d9174c981d4ca99e961680e1.php 第 266 行.
NOTIC: [8] Undefined index: id E:\xampp\htdocs\HMcms\Application\Runtime\Cache\Admin\a5670205d9174c981d4ca99e961680e1.php 第 266 行.
NOTIC: [8] Undefined index: place_name E:\xampp\htdocs\HMcms\Application\Runtime\Cache\Admin\a5670205d9174c981d4ca99e961680e1.php 第 266 行.
NOTIC: [8] Undefined index: id E:\xampp\htdocs\HMcms\Application\Runtime\Cache\Admin\a5670205d9174c981d4ca99e961680e1.php 第 266 行.
NOTIC: [8] Undefined index: place_name E:\xampp\htdocs\HMcms\Application\Runtime\Cache\Admin\a5670205d9174c981d4ca99e961680e1.php 第 266 行.
NOTIC: [8] Undefined index: id E:\xampp\htdocs\HMcms\Application\Runtime\Cache\Admin\a5670205d9174c981d4ca99e961680e1.php 第 266 行.
NOTIC: [8] Undefined index: place_name E:\xampp\htdocs\HMcms\Application\Runtime\Cache\Admin\a5670205d9174c981d4ca99e961680e1.php 第 266 行.
NOTIC: [8] Undefined index: id E:\xampp\htdocs\HMcms\Application\Runtime\Cache\Admin\a5670205d9174c981d4ca99e961680e1.php 第 266 行.
NOTIC: [8] Undefined index: place_name E:\xampp\htdocs\HMcms\Application\Runtime\Cache\Admin\a5670205d9174c981d4ca99e961680e1.php 第 266 行.
NOTIC: [8] Undefined index: id E:\xampp\htdocs\HMcms\Application\Runtime\Cache\Admin\a5670205d9174c981d4ca99e961680e1.php 第 266 行.
NOTIC: [8] Undefined index: place_name E:\xampp\htdocs\HMcms\Application\Runtime\Cache\Admin\a5670205d9174c981d4ca99e961680e1.php 第 266 行.
NOTIC: [8] Undefined index: id E:\xampp\htdocs\HMcms\Application\Runtime\Cache\Admin\a5670205d9174c981d4ca99e961680e1.php 第 266 行.
NOTIC: [8] Undefined index: place_name E:\xampp\htdocs\HMcms\Application\Runtime\Cache\Admin\a5670205d9174c981d4ca99e961680e1.php 第 266 行.
NOTIC: [8] Undefined index: id E:\xampp\htdocs\HMcms\Application\Runtime\Cache\Admin\a5670205d9174c981d4ca99e961680e1.php 第 266 行.
NOTIC: [8] Undefined index: place_name E:\xampp\htdocs\HMcms\Application\Runtime\Cache\Admin\a5670205d9174c981d4ca99e961680e1.php 第 266 行.
NOTIC: [8] Undefined index: id E:\xampp\htdocs\HMcms\Application\Runtime\Cache\Admin\a5670205d9174c981d4ca99e961680e1.php 第 266 行.
NOTIC: [8] Undefined index: place_name E:\xampp\htdocs\HMcms\Application\Runtime\Cache\Admin\a5670205d9174c981d4ca99e961680e1.php 第 266 行.
NOTIC: [8] Undefined index: id E:\xampp\htdocs\HMcms\Application\Runtime\Cache\Admin\a5670205d9174c981d4ca99e961680e1.php 第 266 行.
NOTIC: [8] Undefined index: place_name E:\xampp\htdocs\HMcms\Application\Runtime\Cache\Admin\a5670205d9174c981d4ca99e961680e1.php 第 266 行.
NOTIC: [8] Undefined index: id E:\xampp\htdocs\HMcms\Application\Runtime\Cache\Admin\a5670205d9174c981d4ca99e961680e1.php 第 266 行.
NOTIC: [8] Undefined index: place_name E:\xampp\htdocs\HMcms\Application\Runtime\Cache\Admin\a5670205d9174c981d4ca99e961680e1.php 第 266 行.
NOTIC: [8] Undefined index: id E:\xampp\htdocs\HMcms\Application\Runtime\Cache\Admin\a5670205d9174c981d4ca99e961680e1.php 第 266 行.
NOTIC: [8] Undefined index: place_name E:\xampp\htdocs\HMcms\Application\Runtime\Cache\Admin\a5670205d9174c981d4ca99e961680e1.php 第 266 行.
NOTIC: [8] Undefined index: id E:\xampp\htdocs\HMcms\Application\Runtime\Cache\Admin\a5670205d9174c981d4ca99e961680e1.php 第 266 行.
NOTIC: [8] Undefined index: place_name E:\xampp\htdocs\HMcms\Application\Runtime\Cache\Admin\a5670205d9174c981d4ca99e961680e1.php 第 266 行.
NOTIC: [8] Undefined index: id E:\xampp\htdocs\HMcms\Application\Runtime\Cache\Admin\a5670205d9174c981d4ca99e961680e1.php 第 266 行.
NOTIC: [8] Undefined index: place_name E:\xampp\htdocs\HMcms\Application\Runtime\Cache\Admin\a5670205d9174c981d4ca99e961680e1.php 第 266 行.
NOTIC: [8] Undefined index: id E:\xampp\htdocs\HMcms\Application\Runtime\Cache\Admin\a5670205d9174c981d4ca99e961680e1.php 第 266 行.
NOTIC: [8] Undefined index: place_name E:\xampp\htdocs\HMcms\Application\Runtime\Cache\Admin\a5670205d9174c981d4ca99e961680e1.php 第 266 行.
NOTIC: [8] Undefined index: id E:\xampp\htdocs\HMcms\Application\Runtime\Cache\Admin\a5670205d9174c981d4ca99e961680e1.php 第 266 行.
NOTIC: [8] Undefined index: place_name E:\xampp\htdocs\HMcms\Application\Runtime\Cache\Admin\a5670205d9174c981d4ca99e961680e1.php 第 266 行.
NOTIC: [8] Undefined index: id E:\xampp\htdocs\HMcms\Application\Runtime\Cache\Admin\a5670205d9174c981d4ca99e961680e1.php 第 266 行.
NOTIC: [8] Undefined index: place_name E:\xampp\htdocs\HMcms\Application\Runtime\Cache\Admin\a5670205d9174c981d4ca99e961680e1.php 第 266 行.
NOTIC: [8] Undefined index: id E:\xampp\htdocs\HMcms\Application\Runtime\Cache\Admin\a5670205d9174c981d4ca99e961680e1.php 第 266 行.
NOTIC: [8] Undefined index: place_name E:\xampp\htdocs\HMcms\Application\Runtime\Cache\Admin\a5670205d9174c981d4ca99e961680e1.php 第 266 行.
NOTIC: [8] Undefined index: id E:\xampp\htdocs\HMcms\Application\Runtime\Cache\Admin\a5670205d9174c981d4ca99e961680e1.php 第 266 行.
NOTIC: [8] Undefined index: place_name E:\xampp\htdocs\HMcms\Application\Runtime\Cache\Admin\a5670205d9174c981d4ca99e961680e1.php 第 266 行.
NOTIC: [8] Undefined index: id E:\xampp\htdocs\HMcms\Application\Runtime\Cache\Admin\a5670205d9174c981d4ca99e961680e1.php 第 266 行.
NOTIC: [8] Undefined index: place_name E:\xampp\htdocs\HMcms\Application\Runtime\Cache\Admin\a5670205d9174c981d4ca99e961680e1.php 第 266 行.
NOTIC: [8] Undefined index: id E:\xampp\htdocs\HMcms\Application\Runtime\Cache\Admin\a5670205d9174c981d4ca99e961680e1.php 第 266 行.
NOTIC: [8] Undefined index: place_name E:\xampp\htdocs\HMcms\Application\Runtime\Cache\Admin\a5670205d9174c981d4ca99e961680e1.php 第 266 行.
INFO: Run Behavior\ParseTemplateBehavior [ RunTime:0.023331s ]
INFO: [ view_parse ] --END-- [ RunTime:0.023492s ]
INFO: [ view_filter ] --START--
INFO: Run Behavior\WriteHtmlCacheBehavior [ RunTime:0.001065s ]
INFO: [ view_filter ] --END-- [ RunTime:0.001320s ]
NOTIC: [2] Cannot modify header information - headers already sent by (output started at E:\xampp\htdocs\HMcms\Application\Admin\Controller\TeacherController.class.php:20) E:\xampp\htdocs\HMcms\ThinkPHP\Library\Think\View.class.php 第 91 行.
NOTIC: [2] Cannot modify header information - headers already sent by (output started at E:\xampp\htdocs\HMcms\Application\Admin\Controller\TeacherController.class.php:20) E:\xampp\htdocs\HMcms\ThinkPHP\Library\Think\View.class.php 第 92 行.
NOTIC: [2] Cannot modify header information - headers already sent by (output started at E:\xampp\htdocs\HMcms\Application\Admin\Controller\TeacherController.class.php:20) E:\xampp\htdocs\HMcms\ThinkPHP\Library\Think\View.class.php 第 93 行.
INFO: [ app_end ] --START--
INFO: Run Behavior\ShowPageTraceBehavior [ RunTime:0.001756s ]
INFO: [ app_end ] --END-- [ RunTime:0.002074s ]

[ 2017-04-03T14:22:02+08:00 ] 127.0.0.1 /admin/teacher?v=4.0
INFO: [ app_init ] --START--
INFO: Run Behavior\BuildLiteBehavior [ RunTime:0.000081s ]
INFO: [ app_init ] --END-- [ RunTime:0.001080s ]
INFO: [ app_begin ] --START--
INFO: Run Behavior\ReadHtmlCacheBehavior [ RunTime:0.001270s ]
INFO: [ app_begin ] --END-- [ RunTime:0.001537s ]
SQL: SHOW COLUMNS FROM `course_package` [ RunTime:0.0028s ]
SQL: SHOW COLUMNS FROM `course_package` [ RunTime:0.0032s ]
SQL: SELECT * FROM `course_package` WHERE ( topid=1 ) ORDER BY sort  [ RunTime:0.0006s ]
SQL: SHOW COLUMNS FROM `test_place` [ RunTime:0.0048s ]
SQL: SELECT * FROM `test_place` WHERE ( topid=0 )  [ RunTime:0.0007s ]
INFO: [ view_parse ] --START--
INFO: [ template_filter ] --START--
INFO: Run Behavior\ContentReplaceBehavior [ RunTime:0.000257s ]
INFO: [ template_filter ] --END-- [ RunTime:0.000687s ]
NOTIC: [8] Undefined index: id E:\xampp\htdocs\HMcms\Application\Runtime\Cache\Admin\a5670205d9174c981d4ca99e961680e1.php 第 266 行.
NOTIC: [8] Undefined index: place_name E:\xampp\htdocs\HMcms\Application\Runtime\Cache\Admin\a5670205d9174c981d4ca99e961680e1.php 第 266 行.
NOTIC: [8] Undefined index: id E:\xampp\htdocs\HMcms\Application\Runtime\Cache\Admin\a5670205d9174c981d4ca99e961680e1.php 第 266 行.
NOTIC: [8] Undefined index: place_name E:\xampp\htdocs\HMcms\Application\Runtime\Cache\Admin\a5670205d9174c981d4ca99e961680e1.php 第 266 行.
NOTIC: [8] Undefined index: id E:\xampp\htdocs\HMcms\Application\Runtime\Cache\Admin\a5670205d9174c981d4ca99e961680e1.php 第 266 行.
NOTIC: [8] Undefined index: place_name E:\xampp\htdocs\HMcms\Application\Runtime\Cache\Admin\a5670205d9174c981d4ca99e961680e1.php 第 266 行.
NOTIC: [8] Undefined index: id E:\xampp\htdocs\HMcms\Application\Runtime\Cache\Admin\a5670205d9174c981d4ca99e961680e1.php 第 266 行.
NOTIC: [8] Undefined index: place_name E:\xampp\htdocs\HMcms\Application\Runtime\Cache\Admin\a5670205d9174c981d4ca99e961680e1.php 第 266 行.
NOTIC: [8] Undefined index: id E:\xampp\htdocs\HMcms\Application\Runtime\Cache\Admin\a5670205d9174c981d4ca99e961680e1.php 第 266 行.
NOTIC: [8] Undefined index: place_name E:\xampp\htdocs\HMcms\Application\Runtime\Cache\Admin\a5670205d9174c981d4ca99e961680e1.php 第 266 行.
NOTIC: [8] Undefined index: id E:\xampp\htdocs\HMcms\Application\Runtime\Cache\Admin\a5670205d9174c981d4ca99e961680e1.php 第 266 行.
NOTIC: [8] Undefined index: place_name E:\xampp\htdocs\HMcms\Application\Runtime\Cache\Admin\a5670205d9174c981d4ca99e961680e1.php 第 266 行.
NOTIC: [8] Undefined index: id E:\xampp\htdocs\HMcms\Application\Runtime\Cache\Admin\a5670205d9174c981d4ca99e961680e1.php 第 266 行.
NOTIC: [8] Undefined index: place_name E:\xampp\htdocs\HMcms\Application\Runtime\Cache\Admin\a5670205d9174c981d4ca99e961680e1.php 第 266 行.
NOTIC: [8] Undefined index: id E:\xampp\htdocs\HMcms\Application\Runtime\Cache\Admin\a5670205d9174c981d4ca99e961680e1.php 第 266 行.
NOTIC: [8] Undefined index: place_name E:\xampp\htdocs\HMcms\Application\Runtime\Cache\Admin\a5670205d9174c981d4ca99e961680e1.php 第 266 行.
NOTIC: [8] Undefined index: id E:\xampp\htdocs\HMcms\Application\Runtime\Cache\Admin\a5670205d9174c981d4ca99e961680e1.php 第 266 行.
NOTIC: [8] Undefined index: place_name E:\xampp\htdocs\HMcms\Application\Runtime\Cache\Admin\a5670205d9174c981d4ca99e961680e1.php 第 266 行.
NOTIC: [8] Undefined index: id E:\xampp\htdocs\HMcms\Application\Runtime\Cache\Admin\a5670205d9174c981d4ca99e961680e1.php 第 266 行.
NOTIC: [8] Undefined index: place_name E:\xampp\htdocs\HMcms\Application\Runtime\Cache\Admin\a5670205d9174c981d4ca99e961680e1.php 第 266 行.
NOTIC: [8] Undefined index: id E:\xampp\htdocs\HMcms\Application\Runtime\Cache\Admin\a5670205d9174c981d4ca99e961680e1.php 第 266 行.
NOTIC: [8] Undefined index: place_name E:\xampp\htdocs\HMcms\Application\Runtime\Cache\Admin\a5670205d9174c981d4ca99e961680e1.php 第 266 行.
NOTIC: [8] Undefined index: id E:\xampp\htdocs\HMcms\Application\Runtime\Cache\Admin\a5670205d9174c981d4ca99e961680e1.php 第 266 行.
NOTIC: [8] Undefined index: place_name E:\xampp\htdocs\HMcms\Application\Runtime\Cache\Admin\a5670205d9174c981d4ca99e961680e1.php 第 266 行.
NOTIC: [8] Undefined index: id E:\xampp\htdocs\HMcms\Application\Runtime\Cache\Admin\a5670205d9174c981d4ca99e961680e1.php 第 266 行.
NOTIC: [8] Undefined index: place_name E:\xampp\htdocs\HMcms\Application\Runtime\Cache\Admin\a5670205d9174c981d4ca99e961680e1.php 第 266 行.
NOTIC: [8] Undefined index: id E:\xampp\htdocs\HMcms\Application\Runtime\Cache\Admin\a5670205d9174c981d4ca99e961680e1.php 第 266 行.
NOTIC: [8] Undefined index: place_name E:\xampp\htdocs\HMcms\Application\Runtime\Cache\Admin\a5670205d9174c981d4ca99e961680e1.php 第 266 行.
NOTIC: [8] Undefined index: id E:\xampp\htdocs\HMcms\Application\Runtime\Cache\Admin\a5670205d9174c981d4ca99e961680e1.php 第 266 行.
NOTIC: [8] Undefined index: place_name E:\xampp\htdocs\HMcms\Application\Runtime\Cache\Admin\a5670205d9174c981d4ca99e961680e1.php 第 266 行.
NOTIC: [8] Undefined index: id E:\xampp\htdocs\HMcms\Application\Runtime\Cache\Admin\a5670205d9174c981d4ca99e961680e1.php 第 266 行.
NOTIC: [8] Undefined index: place_name E:\xampp\htdocs\HMcms\Application\Runtime\Cache\Admin\a5670205d9174c981d4ca99e961680e1.php 第 266 行.
NOTIC: [8] Undefined index: id E:\xampp\htdocs\HMcms\Application\Runtime\Cache\Admin\a5670205d9174c981d4ca99e961680e1.php 第 266 行.
NOTIC: [8] Undefined index: place_name E:\xampp\htdocs\HMcms\Application\Runtime\Cache\Admin\a5670205d9174c981d4ca99e961680e1.php 第 266 行.
NOTIC: [8] Undefined index: id E:\xampp\htdocs\HMcms\Application\Runtime\Cache\Admin\a5670205d9174c981d4ca99e961680e1.php 第 266 行.
NOTIC: [8] Undefined index: place_name E:\xampp\htdocs\HMcms\Application\Runtime\Cache\Admin\a5670205d9174c981d4ca99e961680e1.php 第 266 行.
NOTIC: [8] Undefined index: id E:\xampp\htdocs\HMcms\Application\Runtime\Cache\Admin\a5670205d9174c981d4ca99e961680e1.php 第 266 行.
NOTIC: [8] Undefined index: place_name E:\xampp\htdocs\HMcms\Application\Runtime\Cache\Admin\a5670205d9174c981d4ca99e961680e1.php 第 266 行.
NOTIC: [8] Undefined index: id E:\xampp\htdocs\HMcms\Application\Runtime\Cache\Admin\a5670205d9174c981d4ca99e961680e1.php 第 266 行.
NOTIC: [8] Undefined index: place_name E:\xampp\htdocs\HMcms\Application\Runtime\Cache\Admin\a5670205d9174c981d4ca99e961680e1.php 第 266 行.
NOTIC: [8] Undefined index: id E:\xampp\htdocs\HMcms\Application\Runtime\Cache\Admin\a5670205d9174c981d4ca99e961680e1.php 第 266 行.
NOTIC: [8] Undefined index: place_name E:\xampp\htdocs\HMcms\Application\Runtime\Cache\Admin\a5670205d9174c981d4ca99e961680e1.php 第 266 行.
INFO: Run Behavior\ParseTemplateBehavior [ RunTime:0.032236s ]
INFO: [ view_parse ] --END-- [ RunTime:0.032477s ]
INFO: [ view_filter ] --START--
INFO: Run Behavior\WriteHtmlCacheBehavior [ RunTime:0.002092s ]
INFO: [ view_filter ] --END-- [ RunTime:0.002395s ]
NOTIC: [2] Cannot modify header information - headers already sent by (output started at E:\xampp\htdocs\HMcms\Application\Admin\Controller\TeacherController.class.php:20) E:\xampp\htdocs\HMcms\ThinkPHP\Library\Think\View.class.php 第 91 行.
NOTIC: [2] Cannot modify header information - headers already sent by (output started at E:\xampp\htdocs\HMcms\Application\Admin\Controller\TeacherController.class.php:20) E:\xampp\htdocs\HMcms\ThinkPHP\Library\Think\View.class.php 第 92 行.
NOTIC: [2] Cannot modify header information - headers already sent by (output started at E:\xampp\htdocs\HMcms\Application\Admin\Controller\TeacherController.class.php:20) E:\xampp\htdocs\HMcms\ThinkPHP\Library\Think\View.class.php 第 93 行.
INFO: [ app_end ] --START--
INFO: Run Behavior\ShowPageTraceBehavior [ RunTime:0.002752s ]
INFO: [ app_end ] --END-- [ RunTime:0.003165s ]

[ 2017-04-03T14:22:36+08:00 ] 127.0.0.1 /admin/teacher?v=4.0
INFO: [ app_init ] --START--
INFO: Run Behavior\BuildLiteBehavior [ RunTime:0.000062s ]
INFO: [ app_init ] --END-- [ RunTime:0.001202s ]
INFO: [ app_begin ] --START--
INFO: Run Behavior\ReadHtmlCacheBehavior [ RunTime:0.001771s ]
INFO: [ app_begin ] --END-- [ RunTime:0.002012s ]
SQL: SHOW COLUMNS FROM `course_package` [ RunTime:0.0039s ]
SQL: SHOW COLUMNS FROM `course_package` [ RunTime:0.0032s ]
SQL: SELECT * FROM `course_package` WHERE ( topid=1 ) ORDER BY sort  [ RunTime:0.0011s ]
SQL: SHOW COLUMNS FROM `test_place` [ RunTime:0.0038s ]
SQL: SELECT * FROM `test_place` WHERE ( topid=0 )  [ RunTime:0.0007s ]
INFO: [ view_parse ] --START--
INFO: [ template_filter ] --START--
INFO: Run Behavior\ContentReplaceBehavior [ RunTime:0.000387s ]
INFO: [ template_filter ] --END-- [ RunTime:0.000837s ]
NOTIC: [8] Undefined index: id E:\xampp\htdocs\HMcms\Application\Runtime\Cache\Admin\a5670205d9174c981d4ca99e961680e1.php 第 266 行.
NOTIC: [8] Undefined index: id E:\xampp\htdocs\HMcms\Application\Runtime\Cache\Admin\a5670205d9174c981d4ca99e961680e1.php 第 266 行.
NOTIC: [8] Undefined index: id E:\xampp\htdocs\HMcms\Application\Runtime\Cache\Admin\a5670205d9174c981d4ca99e961680e1.php 第 266 行.
NOTIC: [8] Undefined index: id E:\xampp\htdocs\HMcms\Application\Runtime\Cache\Admin\a5670205d9174c981d4ca99e961680e1.php 第 266 行.
NOTIC: [8] Undefined index: id E:\xampp\htdocs\HMcms\Application\Runtime\Cache\Admin\a5670205d9174c981d4ca99e961680e1.php 第 266 行.
NOTIC: [8] Undefined index: id E:\xampp\htdocs\HMcms\Application\Runtime\Cache\Admin\a5670205d9174c981d4ca99e961680e1.php 第 266 行.
NOTIC: [8] Undefined index: id E:\xampp\htdocs\HMcms\Application\Runtime\Cache\Admin\a5670205d9174c981d4ca99e961680e1.php 第 266 行.
NOTIC: [8] Undefined index: id E:\xampp\htdocs\HMcms\Application\Runtime\Cache\Admin\a5670205d9174c981d4ca99e961680e1.php 第 266 行.
NOTIC: [8] Undefined index: id E:\xampp\htdocs\HMcms\Application\Runtime\Cache\Admin\a5670205d9174c981d4ca99e961680e1.php 第 266 行.
NOTIC: [8] Undefined index: id E:\xampp\htdocs\HMcms\Application\Runtime\Cache\Admin\a5670205d9174c981d4ca99e961680e1.php 第 266 行.
NOTIC: [8] Undefined index: id E:\xampp\htdocs\HMcms\Application\Runtime\Cache\Admin\a5670205d9174c981d4ca99e961680e1.php 第 266 行.
NOTIC: [8] Undefined index: id E:\xampp\htdocs\HMcms\Application\Runtime\Cache\Admin\a5670205d9174c981d4ca99e961680e1.php 第 266 行.
NOTIC: [8] Undefined index: id E:\xampp\htdocs\HMcms\Application\Runtime\Cache\Admin\a5670205d9174c981d4ca99e961680e1.php 第 266 行.
NOTIC: [8] Undefined index: id E:\xampp\htdocs\HMcms\Application\Runtime\Cache\Admin\a5670205d9174c981d4ca99e961680e1.php 第 266 行.
NOTIC: [8] Undefined index: id E:\xampp\htdocs\HMcms\Application\Runtime\Cache\Admin\a5670205d9174c981d4ca99e961680e1.php 第 266 行.
NOTIC: [8] Undefined index: id E:\xampp\htdocs\HMcms\Application\Runtime\Cache\Admin\a5670205d9174c981d4ca99e961680e1.php 第 266 行.
NOTIC: [8] Undefined index: id E:\xampp\htdocs\HMcms\Application\Runtime\Cache\Admin\a5670205d9174c981d4ca99e961680e1.php 第 266 行.
NOTIC: [8] Undefined index: id E:\xampp\htdocs\HMcms\Application\Runtime\Cache\Admin\a5670205d9174c981d4ca99e961680e1.php 第 266 行.
NOTIC: [8] Undefined index: id E:\xampp\htdocs\HMcms\Application\Runtime\Cache\Admin\a5670205d9174c981d4ca99e961680e1.php 第 266 行.
NOTIC: [8] Undefined index: id E:\xampp\htdocs\HMcms\Application\Runtime\Cache\Admin\a5670205d9174c981d4ca99e961680e1.php 第 266 行.
NOTIC: [8] Undefined index: id E:\xampp\htdocs\HMcms\Application\Runtime\Cache\Admin\a5670205d9174c981d4ca99e961680e1.php 第 266 行.
INFO: Run Behavior\ParseTemplateBehavior [ RunTime:0.029653s ]
INFO: [ view_parse ] --END-- [ RunTime:0.029931s ]
INFO: [ view_filter ] --START--
INFO: Run Behavior\WriteHtmlCacheBehavior [ RunTime:0.001760s ]
INFO: [ view_filter ] --END-- [ RunTime:0.002189s ]
NOTIC: [2] Cannot modify header information - headers already sent by (output started at E:\xampp\htdocs\HMcms\Application\Admin\Controller\TeacherController.class.php:20) E:\xampp\htdocs\HMcms\ThinkPHP\Library\Think\View.class.php 第 91 行.
NOTIC: [2] Cannot modify header information - headers already sent by (output started at E:\xampp\htdocs\HMcms\Application\Admin\Controller\TeacherController.class.php:20) E:\xampp\htdocs\HMcms\ThinkPHP\Library\Think\View.class.php 第 92 行.
NOTIC: [2] Cannot modify header information - headers already sent by (output started at E:\xampp\htdocs\HMcms\Application\Admin\Controller\TeacherController.class.php:20) E:\xampp\htdocs\HMcms\ThinkPHP\Library\Think\View.class.php 第 93 行.
INFO: [ app_end ] --START--
INFO: Run Behavior\ShowPageTraceBehavior [ RunTime:0.002244s ]
INFO: [ app_end ] --END-- [ RunTime:0.002571s ]

[ 2017-04-03T14:23:08+08:00 ] 127.0.0.1 /admin/teacher?v=4.0
INFO: [ app_init ] --START--
INFO: Run Behavior\BuildLiteBehavior [ RunTime:0.000031s ]
INFO: [ app_init ] --END-- [ RunTime:0.000574s ]
INFO: [ app_begin ] --START--
INFO: Run Behavior\ReadHtmlCacheBehavior [ RunTime:0.001116s ]
INFO: [ app_begin ] --END-- [ RunTime:0.001275s ]
SQL: SHOW COLUMNS FROM `course_package` [ RunTime:0.0027s ]
SQL: SHOW COLUMNS FROM `course_package` [ RunTime:0.0034s ]
SQL: SELECT * FROM `course_package` WHERE ( topid=1 ) ORDER BY sort  [ RunTime:0.0006s ]
SQL: SHOW COLUMNS FROM `test_place` [ RunTime:0.0033s ]
SQL: SELECT * FROM `test_place` WHERE ( topid=0 )  [ RunTime:0.0004s ]
INFO: [ view_parse ] --START--
INFO: [ template_filter ] --START--
INFO: Run Behavior\ContentReplaceBehavior [ RunTime:0.000148s ]
INFO: [ template_filter ] --END-- [ RunTime:0.000305s ]
NOTIC: [8] Undefined index: id E:\xampp\htdocs\HMcms\Application\Runtime\Cache\Admin\a5670205d9174c981d4ca99e961680e1.php 第 266 行.
NOTIC: [8] Undefined index: id E:\xampp\htdocs\HMcms\Application\Runtime\Cache\Admin\a5670205d9174c981d4ca99e961680e1.php 第 266 行.
NOTIC: [8] Undefined index: id E:\xampp\htdocs\HMcms\Application\Runtime\Cache\Admin\a5670205d9174c981d4ca99e961680e1.php 第 266 行.
NOTIC: [8] Undefined index: id E:\xampp\htdocs\HMcms\Application\Runtime\Cache\Admin\a5670205d9174c981d4ca99e961680e1.php 第 266 行.
NOTIC: [8] Undefined index: id E:\xampp\htdocs\HMcms\Application\Runtime\Cache\Admin\a5670205d9174c981d4ca99e961680e1.php 第 266 行.
NOTIC: [8] Undefined index: id E:\xampp\htdocs\HMcms\Application\Runtime\Cache\Admin\a5670205d9174c981d4ca99e961680e1.php 第 266 行.
NOTIC: [8] Undefined index: id E:\xampp\htdocs\HMcms\Application\Runtime\Cache\Admin\a5670205d9174c981d4ca99e961680e1.php 第 266 行.
NOTIC: [8] Undefined index: id E:\xampp\htdocs\HMcms\Application\Runtime\Cache\Admin\a5670205d9174c981d4ca99e961680e1.php 第 266 行.
NOTIC: [8] Undefined index: id E:\xampp\htdocs\HMcms\Application\Runtime\Cache\Admin\a5670205d9174c981d4ca99e961680e1.php 第 266 行.
NOTIC: [8] Undefined index: id E:\xampp\htdocs\HMcms\Application\Runtime\Cache\Admin\a5670205d9174c981d4ca99e961680e1.php 第 266 行.
NOTIC: [8] Undefined index: id E:\xampp\htdocs\HMcms\Application\Runtime\Cache\Admin\a5670205d9174c981d4ca99e961680e1.php 第 266 行.
NOTIC: [8] Undefined index: id E:\xampp\htdocs\HMcms\Application\Runtime\Cache\Admin\a5670205d9174c981d4ca99e961680e1.php 第 266 行.
NOTIC: [8] Undefined index: id E:\xampp\htdocs\HMcms\Application\Runtime\Cache\Admin\a5670205d9174c981d4ca99e961680e1.php 第 266 行.
NOTIC: [8] Undefined index: id E:\xampp\htdocs\HMcms\Application\Runtime\Cache\Admin\a5670205d9174c981d4ca99e961680e1.php 第 266 行.
NOTIC: [8] Undefined index: id E:\xampp\htdocs\HMcms\Application\Runtime\Cache\Admin\a5670205d9174c981d4ca99e961680e1.php 第 266 行.
NOTIC: [8] Undefined index: id E:\xampp\htdocs\HMcms\Application\Runtime\Cache\Admin\a5670205d9174c981d4ca99e961680e1.php 第 266 行.
NOTIC: [8] Undefined index: id E:\xampp\htdocs\HMcms\Application\Runtime\Cache\Admin\a5670205d9174c981d4ca99e961680e1.php 第 266 行.
NOTIC: [8] Undefined index: id E:\xampp\htdocs\HMcms\Application\Runtime\Cache\Admin\a5670205d9174c981d4ca99e961680e1.php 第 266 行.
NOTIC: [8] Undefined index: id E:\xampp\htdocs\HMcms\Application\Runtime\Cache\Admin\a5670205d9174c981d4ca99e961680e1.php 第 266 行.
NOTIC: [8] Undefined index: id E:\xampp\htdocs\HMcms\Application\Runtime\Cache\Admin\a5670205d9174c981d4ca99e961680e1.php 第 266 行.
NOTIC: [8] Undefined index: id E:\xampp\htdocs\HMcms\Application\Runtime\Cache\Admin\a5670205d9174c981d4ca99e961680e1.php 第 266 行.
INFO: Run Behavior\ParseTemplateBehavior [ RunTime:0.021437s ]
INFO: [ view_parse ] --END-- [ RunTime:0.021592s ]
INFO: [ view_filter ] --START--
INFO: Run Behavior\WriteHtmlCacheBehavior [ RunTime:0.000935s ]
INFO: [ view_filter ] --END-- [ RunTime:0.001078s ]
INFO: [ app_end ] --START--
INFO: Run Behavior\ShowPageTraceBehavior [ RunTime:0.001762s ]
INFO: [ app_end ] --END-- [ RunTime:0.002041s ]

[ 2017-04-03T14:23:58+08:00 ] 127.0.0.1 /admin
INFO: [ app_init ] --START--
INFO: Run Behavior\BuildLiteBehavior [ RunTime:0.000063s ]
INFO: [ app_init ] --END-- [ RunTime:0.001033s ]
INFO: [ app_begin ] --START--
INFO: Run Behavior\ReadHtmlCacheBehavior [ RunTime:0.001079s ]
INFO: [ app_begin ] --END-- [ RunTime:0.001243s ]
INFO: [ view_parse ] --START--
INFO: [ template_filter ] --START--
INFO: Run Behavior\ContentReplaceBehavior [ RunTime:0.000104s ]
INFO: [ template_filter ] --END-- [ RunTime:0.000263s ]
INFO: Run Behavior\ParseTemplateBehavior [ RunTime:0.012935s ]
INFO: [ view_parse ] --END-- [ RunTime:0.013112s ]
INFO: [ view_filter ] --START--
INFO: Run Behavior\WriteHtmlCacheBehavior [ RunTime:0.000842s ]
INFO: [ view_filter ] --END-- [ RunTime:0.000987s ]
INFO: [ app_end ] --START--
INFO: Run Behavior\ShowPageTraceBehavior [ RunTime:0.002229s ]
INFO: [ app_end ] --END-- [ RunTime:0.002571s ]

[ 2017-04-03T14:24:01+08:00 ] 127.0.0.1 /admin/teacher?v=4.0
INFO: [ app_init ] --START--
INFO: Run Behavior\BuildLiteBehavior [ RunTime:0.000096s ]
INFO: [ app_init ] --END-- [ RunTime:0.001607s ]
INFO: [ app_begin ] --START--
INFO: Run Behavior\ReadHtmlCacheBehavior [ RunTime:0.001322s ]
INFO: [ app_begin ] --END-- [ RunTime:0.001547s ]
SQL: SHOW COLUMNS FROM `course_package` [ RunTime:0.0039s ]
SQL: SHOW COLUMNS FROM `course_package` [ RunTime:0.0029s ]
SQL: SELECT * FROM `course_package` WHERE ( topid=1 ) ORDER BY sort  [ RunTime:0.0004s ]
SQL: SHOW COLUMNS FROM `test_place` [ RunTime:0.0033s ]
SQL: SELECT * FROM `test_place` WHERE ( topid=0 )  [ RunTime:0.0006s ]
INFO: [ view_parse ] --START--
INFO: [ template_filter ] --START--
INFO: Run Behavior\ContentReplaceBehavior [ RunTime:0.000219s ]
INFO: [ template_filter ] --END-- [ RunTime:0.000521s ]
NOTIC: [8] Undefined index: id E:\xampp\htdocs\HMcms\Application\Runtime\Cache\Admin\a5670205d9174c981d4ca99e961680e1.php 第 266 行.
NOTIC: [8] Undefined index: id E:\xampp\htdocs\HMcms\Application\Runtime\Cache\Admin\a5670205d9174c981d4ca99e961680e1.php 第 266 行.
NOTIC: [8] Undefined index: id E:\xampp\htdocs\HMcms\Application\Runtime\Cache\Admin\a5670205d9174c981d4ca99e961680e1.php 第 266 行.
NOTIC: [8] Undefined index: id E:\xampp\htdocs\HMcms\Application\Runtime\Cache\Admin\a5670205d9174c981d4ca99e961680e1.php 第 266 行.
NOTIC: [8] Undefined index: id E:\xampp\htdocs\HMcms\Application\Runtime\Cache\Admin\a5670205d9174c981d4ca99e961680e1.php 第 266 行.
NOTIC: [8] Undefined index: id E:\xampp\htdocs\HMcms\Application\Runtime\Cache\Admin\a5670205d9174c981d4ca99e961680e1.php 第 266 行.
NOTIC: [8] Undefined index: id E:\xampp\htdocs\HMcms\Application\Runtime\Cache\Admin\a5670205d9174c981d4ca99e961680e1.php 第 266 行.
NOTIC: [8] Undefined index: id E:\xampp\htdocs\HMcms\Application\Runtime\Cache\Admin\a5670205d9174c981d4ca99e961680e1.php 第 266 行.
NOTIC: [8] Undefined index: id E:\xampp\htdocs\HMcms\Application\Runtime\Cache\Admin\a5670205d9174c981d4ca99e961680e1.php 第 266 行.
NOTIC: [8] Undefined index: id E:\xampp\htdocs\HMcms\Application\Runtime\Cache\Admin\a5670205d9174c981d4ca99e961680e1.php 第 266 行.
NOTIC: [8] Undefined index: id E:\xampp\htdocs\HMcms\Application\Runtime\Cache\Admin\a5670205d9174c981d4ca99e961680e1.php 第 266 行.
NOTIC: [8] Undefined index: id E:\xampp\htdocs\HMcms\Application\Runtime\Cache\Admin\a5670205d9174c981d4ca99e961680e1.php 第 266 行.
NOTIC: [8] Undefined index: id E:\xampp\htdocs\HMcms\Application\Runtime\Cache\Admin\a5670205d9174c981d4ca99e961680e1.php 第 266 行.
NOTIC: [8] Undefined index: id E:\xampp\htdocs\HMcms\Application\Runtime\Cache\Admin\a5670205d9174c981d4ca99e961680e1.php 第 266 行.
NOTIC: [8] Undefined index: id E:\xampp\htdocs\HMcms\Application\Runtime\Cache\Admin\a5670205d9174c981d4ca99e961680e1.php 第 266 行.
NOTIC: [8] Undefined index: id E:\xampp\htdocs\HMcms\Application\Runtime\Cache\Admin\a5670205d9174c981d4ca99e961680e1.php 第 266 行.
NOTIC: [8] Undefined index: id E:\xampp\htdocs\HMcms\Application\Runtime\Cache\Admin\a5670205d9174c981d4ca99e961680e1.php 第 266 行.
NOTIC: [8] Undefined index: id E:\xampp\htdocs\HMcms\Application\Runtime\Cache\Admin\a5670205d9174c981d4ca99e961680e1.php 第 266 行.
NOTIC: [8] Undefined index: id E:\xampp\htdocs\HMcms\Application\Runtime\Cache\Admin\a5670205d9174c981d4ca99e961680e1.php 第 266 行.
NOTIC: [8] Undefined index: id E:\xampp\htdocs\HMcms\Application\Runtime\Cache\Admin\a5670205d9174c981d4ca99e961680e1.php 第 266 行.
NOTIC: [8] Undefined index: id E:\xampp\htdocs\HMcms\Application\Runtime\Cache\Admin\a5670205d9174c981d4ca99e961680e1.php 第 266 行.
INFO: Run Behavior\ParseTemplateBehavior [ RunTime:0.023707s ]
INFO: [ view_parse ] --END-- [ RunTime:0.023951s ]
INFO: [ view_filter ] --START--
INFO: Run Behavior\WriteHtmlCacheBehavior [ RunTime:0.001364s ]
INFO: [ view_filter ] --END-- [ RunTime:0.001641s ]
INFO: [ app_end ] --START--
INFO: Run Behavior\ShowPageTraceBehavior [ RunTime:0.001725s ]
INFO: [ app_end ] --END-- [ RunTime:0.002031s ]

[ 2017-04-03T14:24:02+08:00 ] 127.0.0.1 /admin/teacher?v=4.0
INFO: [ app_init ] --START--
INFO: Run Behavior\BuildLiteBehavior [ RunTime:0.000058s ]
INFO: [ app_init ] --END-- [ RunTime:0.001000s ]
INFO: [ app_begin ] --START--
INFO: Run Behavior\ReadHtmlCacheBehavior [ RunTime:0.001582s ]
INFO: [ app_begin ] --END-- [ RunTime:0.001834s ]
SQL: SHOW COLUMNS FROM `course_package` [ RunTime:0.0172s ]
SQL: SHOW COLUMNS FROM `course_package` [ RunTime:0.0615s ]
SQL: SELECT * FROM `course_package` WHERE ( topid=1 ) ORDER BY sort  [ RunTime:0.0009s ]
SQL: SHOW COLUMNS FROM `test_place` [ RunTime:0.0026s ]
SQL: SELECT * FROM `test_place` WHERE ( topid=0 )  [ RunTime:0.0004s ]
INFO: [ view_parse ] --START--
INFO: [ template_filter ] --START--
INFO: Run Behavior\ContentReplaceBehavior [ RunTime:0.000245s ]
INFO: [ template_filter ] --END-- [ RunTime:0.000538s ]
NOTIC: [8] Undefined index: id E:\xampp\htdocs\HMcms\Application\Runtime\Cache\Admin\a5670205d9174c981d4ca99e961680e1.php 第 266 行.
NOTIC: [8] Undefined index: id E:\xampp\htdocs\HMcms\Application\Runtime\Cache\Admin\a5670205d9174c981d4ca99e961680e1.php 第 266 行.
NOTIC: [8] Undefined index: id E:\xampp\htdocs\HMcms\Application\Runtime\Cache\Admin\a5670205d9174c981d4ca99e961680e1.php 第 266 行.
NOTIC: [8] Undefined index: id E:\xampp\htdocs\HMcms\Application\Runtime\Cache\Admin\a5670205d9174c981d4ca99e961680e1.php 第 266 行.
NOTIC: [8] Undefined index: id E:\xampp\htdocs\HMcms\Application\Runtime\Cache\Admin\a5670205d9174c981d4ca99e961680e1.php 第 266 行.
NOTIC: [8] Undefined index: id E:\xampp\htdocs\HMcms\Application\Runtime\Cache\Admin\a5670205d9174c981d4ca99e961680e1.php 第 266 行.
NOTIC: [8] Undefined index: id E:\xampp\htdocs\HMcms\Application\Runtime\Cache\Admin\a5670205d9174c981d4ca99e961680e1.php 第 266 行.
NOTIC: [8] Undefined index: id E:\xampp\htdocs\HMcms\Application\Runtime\Cache\Admin\a5670205d9174c981d4ca99e961680e1.php 第 266 行.
NOTIC: [8] Undefined index: id E:\xampp\htdocs\HMcms\Application\Runtime\Cache\Admin\a5670205d9174c981d4ca99e961680e1.php 第 266 行.
NOTIC: [8] Undefined index: id E:\xampp\htdocs\HMcms\Application\Runtime\Cache\Admin\a5670205d9174c981d4ca99e961680e1.php 第 266 行.
NOTIC: [8] Undefined index: id E:\xampp\htdocs\HMcms\Application\Runtime\Cache\Admin\a5670205d9174c981d4ca99e961680e1.php 第 266 行.
NOTIC: [8] Undefined index: id E:\xampp\htdocs\HMcms\Application\Runtime\Cache\Admin\a5670205d9174c981d4ca99e961680e1.php 第 266 行.
NOTIC: [8] Undefined index: id E:\xampp\htdocs\HMcms\Application\Runtime\Cache\Admin\a5670205d9174c981d4ca99e961680e1.php 第 266 行.
NOTIC: [8] Undefined index: id E:\xampp\htdocs\HMcms\Application\Runtime\Cache\Admin\a5670205d9174c981d4ca99e961680e1.php 第 266 行.
NOTIC: [8] Undefined index: id E:\xampp\htdocs\HMcms\Application\Runtime\Cache\Admin\a5670205d9174c981d4ca99e961680e1.php 第 266 行.
NOTIC: [8] Undefined index: id E:\xampp\htdocs\HMcms\Application\Runtime\Cache\Admin\a5670205d9174c981d4ca99e961680e1.php 第 266 行.
NOTIC: [8] Undefined index: id E:\xampp\htdocs\HMcms\Application\Runtime\Cache\Admin\a5670205d9174c981d4ca99e961680e1.php 第 266 行.
NOTIC: [8] Undefined index: id E:\xampp\htdocs\HMcms\Application\Runtime\Cache\Admin\a5670205d9174c981d4ca99e961680e1.php 第 266 行.
NOTIC: [8] Undefined index: id E:\xampp\htdocs\HMcms\Application\Runtime\Cache\Admin\a5670205d9174c981d4ca99e961680e1.php 第 266 行.
NOTIC: [8] Undefined index: id E:\xampp\htdocs\HMcms\Application\Runtime\Cache\Admin\a5670205d9174c981d4ca99e961680e1.php 第 266 行.
NOTIC: [8] Undefined index: id E:\xampp\htdocs\HMcms\Application\Runtime\Cache\Admin\a5670205d9174c981d4ca99e961680e1.php 第 266 行.
INFO: Run Behavior\ParseTemplateBehavior [ RunTime:0.024442s ]
INFO: [ view_parse ] --END-- [ RunTime:0.024597s ]
INFO: [ view_filter ] --START--
INFO: Run Behavior\WriteHtmlCacheBehavior [ RunTime:0.000878s ]
INFO: [ view_filter ] --END-- [ RunTime:0.001015s ]
INFO: [ app_end ] --START--
INFO: Run Behavior\ShowPageTraceBehavior [ RunTime:0.002608s ]
INFO: [ app_end ] --END-- [ RunTime:0.002891s ]

[ 2017-04-03T14:25:11+08:00 ] 127.0.0.1 /admin/teacher?v=4.0
INFO: [ app_init ] --START--
INFO: Run Behavior\BuildLiteBehavior [ RunTime:0.000051s ]
INFO: [ app_init ] --END-- [ RunTime:0.000845s ]
INFO: [ app_begin ] --START--
INFO: Run Behavior\ReadHtmlCacheBehavior [ RunTime:0.001603s ]
INFO: [ app_begin ] --END-- [ RunTime:0.001873s ]
SQL: SHOW COLUMNS FROM `course_package` [ RunTime:0.0034s ]
SQL: SHOW COLUMNS FROM `course_package` [ RunTime:0.0031s ]
SQL: SELECT * FROM `course_package` WHERE ( topid=1 ) ORDER BY sort  [ RunTime:0.0005s ]
SQL: SHOW COLUMNS FROM `test_place` [ RunTime:0.0031s ]
SQL: SELECT * FROM `test_place` WHERE ( topid=0 )  [ RunTime:0.0007s ]
INFO: [ view_parse ] --START--
INFO: [ template_filter ] --START--
INFO: Run Behavior\ContentReplaceBehavior [ RunTime:0.000148s ]
INFO: [ template_filter ] --END-- [ RunTime:0.000306s ]
NOTIC: [8] Undefined index: id E:\xampp\htdocs\HMcms\Application\Runtime\Cache\Admin\a5670205d9174c981d4ca99e961680e1.php 第 266 行.
NOTIC: [8] Undefined index: id E:\xampp\htdocs\HMcms\Application\Runtime\Cache\Admin\a5670205d9174c981d4ca99e961680e1.php 第 266 行.
NOTIC: [8] Undefined index: id E:\xampp\htdocs\HMcms\Application\Runtime\Cache\Admin\a5670205d9174c981d4ca99e961680e1.php 第 266 行.
NOTIC: [8] Undefined index: id E:\xampp\htdocs\HMcms\Application\Runtime\Cache\Admin\a5670205d9174c981d4ca99e961680e1.php 第 266 行.
NOTIC: [8] Undefined index: id E:\xampp\htdocs\HMcms\Application\Runtime\Cache\Admin\a5670205d9174c981d4ca99e961680e1.php 第 266 行.
NOTIC: [8] Undefined index: id E:\xampp\htdocs\HMcms\Application\Runtime\Cache\Admin\a5670205d9174c981d4ca99e961680e1.php 第 266 行.
NOTIC: [8] Undefined index: id E:\xampp\htdocs\HMcms\Application\Runtime\Cache\Admin\a5670205d9174c981d4ca99e961680e1.php 第 266 行.
NOTIC: [8] Undefined index: id E:\xampp\htdocs\HMcms\Application\Runtime\Cache\Admin\a5670205d9174c981d4ca99e961680e1.php 第 266 行.
NOTIC: [8] Undefined index: id E:\xampp\htdocs\HMcms\Application\Runtime\Cache\Admin\a5670205d9174c981d4ca99e961680e1.php 第 266 行.
NOTIC: [8] Undefined index: id E:\xampp\htdocs\HMcms\Application\Runtime\Cache\Admin\a5670205d9174c981d4ca99e961680e1.php 第 266 行.
NOTIC: [8] Undefined index: id E:\xampp\htdocs\HMcms\Application\Runtime\Cache\Admin\a5670205d9174c981d4ca99e961680e1.php 第 266 行.
NOTIC: [8] Undefined index: id E:\xampp\htdocs\HMcms\Application\Runtime\Cache\Admin\a5670205d9174c981d4ca99e961680e1.php 第 266 行.
NOTIC: [8] Undefined index: id E:\xampp\htdocs\HMcms\Application\Runtime\Cache\Admin\a5670205d9174c981d4ca99e961680e1.php 第 266 行.
NOTIC: [8] Undefined index: id E:\xampp\htdocs\HMcms\Application\Runtime\Cache\Admin\a5670205d9174c981d4ca99e961680e1.php 第 266 行.
NOTIC: [8] Undefined index: id E:\xampp\htdocs\HMcms\Application\Runtime\Cache\Admin\a5670205d9174c981d4ca99e961680e1.php 第 266 行.
NOTIC: [8] Undefined index: id E:\xampp\htdocs\HMcms\Application\Runtime\Cache\Admin\a5670205d9174c981d4ca99e961680e1.php 第 266 行.
NOTIC: [8] Undefined index: id E:\xampp\htdocs\HMcms\Application\Runtime\Cache\Admin\a5670205d9174c981d4ca99e961680e1.php 第 266 行.
NOTIC: [8] Undefined index: id E:\xampp\htdocs\HMcms\Application\Runtime\Cache\Admin\a5670205d9174c981d4ca99e961680e1.php 第 266 行.
NOTIC: [8] Undefined index: id E:\xampp\htdocs\HMcms\Application\Runtime\Cache\Admin\a5670205d9174c981d4ca99e961680e1.php 第 266 行.
NOTIC: [8] Undefined index: id E:\xampp\htdocs\HMcms\Application\Runtime\Cache\Admin\a5670205d9174c981d4ca99e961680e1.php 第 266 行.
NOTIC: [8] Undefined index: id E:\xampp\htdocs\HMcms\Application\Runtime\Cache\Admin\a5670205d9174c981d4ca99e961680e1.php 第 266 行.
INFO: Run Behavior\ParseTemplateBehavior [ RunTime:0.020457s ]
INFO: [ view_parse ] --END-- [ RunTime:0.020738s ]
INFO: [ view_filter ] --START--
INFO: Run Behavior\WriteHtmlCacheBehavior [ RunTime:0.001484s ]
INFO: [ view_filter ] --END-- [ RunTime:0.001882s ]
INFO: [ app_end ] --START--
INFO: Run Behavior\ShowPageTraceBehavior [ RunTime:0.002376s ]
INFO: [ app_end ] --END-- [ RunTime:0.002704s ]

[ 2017-04-03T14:25:35+08:00 ] 127.0.0.1 /admin/teacher?v=4.0
INFO: [ app_init ] --START--
INFO: Run Behavior\BuildLiteBehavior [ RunTime:0.000032s ]
INFO: [ app_init ] --END-- [ RunTime:0.000617s ]
INFO: [ app_begin ] --START--
INFO: Run Behavior\ReadHtmlCacheBehavior [ RunTime:0.000951s ]
INFO: [ app_begin ] --END-- [ RunTime:0.001097s ]
SQL: SHOW COLUMNS FROM `course_package` [ RunTime:0.0027s ]
SQL: SHOW COLUMNS FROM `course_package` [ RunTime:0.0024s ]
SQL: SELECT * FROM `course_package` WHERE ( topid=1 ) ORDER BY sort  [ RunTime:0.0005s ]
SQL: SHOW COLUMNS FROM `test_place` [ RunTime:0.0032s ]
SQL: SELECT * FROM `test_place` WHERE ( topid=0 )  [ RunTime:0.0004s ]
INFO: [ view_parse ] --START--
INFO: [ template_filter ] --START--
INFO: Run Behavior\ContentReplaceBehavior [ RunTime:0.000148s ]
INFO: [ template_filter ] --END-- [ RunTime:0.000306s ]
NOTIC: [8] Undefined index: id E:\xampp\htdocs\HMcms\Application\Runtime\Cache\Admin\a5670205d9174c981d4ca99e961680e1.php 第 266 行.
NOTIC: [8] Undefined index: id E:\xampp\htdocs\HMcms\Application\Runtime\Cache\Admin\a5670205d9174c981d4ca99e961680e1.php 第 266 行.
NOTIC: [8] Undefined index: id E:\xampp\htdocs\HMcms\Application\Runtime\Cache\Admin\a5670205d9174c981d4ca99e961680e1.php 第 266 行.
NOTIC: [8] Undefined index: id E:\xampp\htdocs\HMcms\Application\Runtime\Cache\Admin\a5670205d9174c981d4ca99e961680e1.php 第 266 行.
NOTIC: [8] Undefined index: id E:\xampp\htdocs\HMcms\Application\Runtime\Cache\Admin\a5670205d9174c981d4ca99e961680e1.php 第 266 行.
NOTIC: [8] Undefined index: id E:\xampp\htdocs\HMcms\Application\Runtime\Cache\Admin\a5670205d9174c981d4ca99e961680e1.php 第 266 行.
NOTIC: [8] Undefined index: id E:\xampp\htdocs\HMcms\Application\Runtime\Cache\Admin\a5670205d9174c981d4ca99e961680e1.php 第 266 行.
NOTIC: [8] Undefined index: id E:\xampp\htdocs\HMcms\Application\Runtime\Cache\Admin\a5670205d9174c981d4ca99e961680e1.php 第 266 行.
NOTIC: [8] Undefined index: id E:\xampp\htdocs\HMcms\Application\Runtime\Cache\Admin\a5670205d9174c981d4ca99e961680e1.php 第 266 行.
NOTIC: [8] Undefined index: id E:\xampp\htdocs\HMcms\Application\Runtime\Cache\Admin\a5670205d9174c981d4ca99e961680e1.php 第 266 行.
NOTIC: [8] Undefined index: id E:\xampp\htdocs\HMcms\Application\Runtime\Cache\Admin\a5670205d9174c981d4ca99e961680e1.php 第 266 行.
NOTIC: [8] Undefined index: id E:\xampp\htdocs\HMcms\Application\Runtime\Cache\Admin\a5670205d9174c981d4ca99e961680e1.php 第 266 行.
NOTIC: [8] Undefined index: id E:\xampp\htdocs\HMcms\Application\Runtime\Cache\Admin\a5670205d9174c981d4ca99e961680e1.php 第 266 行.
NOTIC: [8] Undefined index: id E:\xampp\htdocs\HMcms\Application\Runtime\Cache\Admin\a5670205d9174c981d4ca99e961680e1.php 第 266 行.
NOTIC: [8] Undefined index: id E:\xampp\htdocs\HMcms\Application\Runtime\Cache\Admin\a5670205d9174c981d4ca99e961680e1.php 第 266 行.
NOTIC: [8] Undefined index: id E:\xampp\htdocs\HMcms\Application\Runtime\Cache\Admin\a5670205d9174c981d4ca99e961680e1.php 第 266 行.
NOTIC: [8] Undefined index: id E:\xampp\htdocs\HMcms\Application\Runtime\Cache\Admin\a5670205d9174c981d4ca99e961680e1.php 第 266 行.
NOTIC: [8] Undefined index: id E:\xampp\htdocs\HMcms\Application\Runtime\Cache\Admin\a5670205d9174c981d4ca99e961680e1.php 第 266 行.
NOTIC: [8] Undefined index: id E:\xampp\htdocs\HMcms\Application\Runtime\Cache\Admin\a5670205d9174c981d4ca99e961680e1.php 第 266 行.
NOTIC: [8] Undefined index: id E:\xampp\htdocs\HMcms\Application\Runtime\Cache\Admin\a5670205d9174c981d4ca99e961680e1.php 第 266 行.
NOTIC: [8] Undefined index: id E:\xampp\htdocs\HMcms\Application\Runtime\Cache\Admin\a5670205d9174c981d4ca99e961680e1.php 第 266 行.
INFO: Run Behavior\ParseTemplateBehavior [ RunTime:0.018286s ]
INFO: [ view_parse ] --END-- [ RunTime:0.018498s ]
INFO: [ view_filter ] --START--
INFO: Run Behavior\WriteHtmlCacheBehavior [ RunTime:0.000981s ]
INFO: [ view_filter ] --END-- [ RunTime:0.001178s ]
INFO: [ app_end ] --START--
INFO: Run Behavior\ShowPageTraceBehavior [ RunTime:0.001495s ]
INFO: [ app_end ] --END-- [ RunTime:0.001664s ]

[ 2017-04-03T14:25:39+08:00 ] 127.0.0.1 /admin/teacher?v=4.0
INFO: [ app_init ] --START--
INFO: Run Behavior\BuildLiteBehavior [ RunTime:0.000031s ]
INFO: [ app_init ] --END-- [ RunTime:0.000564s ]
INFO: [ app_begin ] --START--
INFO: Run Behavior\ReadHtmlCacheBehavior [ RunTime:0.000904s ]
INFO: [ app_begin ] --END-- [ RunTime:0.001047s ]
SQL: SHOW COLUMNS FROM `course_package` [ RunTime:0.0035s ]
SQL: SHOW COLUMNS FROM `course_package` [ RunTime:0.0045s ]
SQL: SELECT * FROM `course_package` WHERE ( topid=1 ) ORDER BY sort  [ RunTime:0.0006s ]
SQL: SHOW COLUMNS FROM `test_place` [ RunTime:0.0038s ]
SQL: SELECT * FROM `test_place` WHERE ( topid=0 )  [ RunTime:0.0004s ]
INFO: [ view_parse ] --START--
INFO: [ template_filter ] --START--
INFO: Run Behavior\ContentReplaceBehavior [ RunTime:0.000145s ]
INFO: [ template_filter ] --END-- [ RunTime:0.000297s ]
NOTIC: [8] Undefined index: id E:\xampp\htdocs\HMcms\Application\Runtime\Cache\Admin\a5670205d9174c981d4ca99e961680e1.php 第 266 行.
NOTIC: [8] Undefined index: id E:\xampp\htdocs\HMcms\Application\Runtime\Cache\Admin\a5670205d9174c981d4ca99e961680e1.php 第 266 行.
NOTIC: [8] Undefined index: id E:\xampp\htdocs\HMcms\Application\Runtime\Cache\Admin\a5670205d9174c981d4ca99e961680e1.php 第 266 行.
NOTIC: [8] Undefined index: id E:\xampp\htdocs\HMcms\Application\Runtime\Cache\Admin\a5670205d9174c981d4ca99e961680e1.php 第 266 行.
NOTIC: [8] Undefined index: id E:\xampp\htdocs\HMcms\Application\Runtime\Cache\Admin\a5670205d9174c981d4ca99e961680e1.php 第 266 行.
NOTIC: [8] Undefined index: id E:\xampp\htdocs\HMcms\Application\Runtime\Cache\Admin\a5670205d9174c981d4ca99e961680e1.php 第 266 行.
NOTIC: [8] Undefined index: id E:\xampp\htdocs\HMcms\Application\Runtime\Cache\Admin\a5670205d9174c981d4ca99e961680e1.php 第 266 行.
NOTIC: [8] Undefined index: id E:\xampp\htdocs\HMcms\Application\Runtime\Cache\Admin\a5670205d9174c981d4ca99e961680e1.php 第 266 行.
NOTIC: [8] Undefined index: id E:\xampp\htdocs\HMcms\Application\Runtime\Cache\Admin\a5670205d9174c981d4ca99e961680e1.php 第 266 行.
NOTIC: [8] Undefined index: id E:\xampp\htdocs\HMcms\Application\Runtime\Cache\Admin\a5670205d9174c981d4ca99e961680e1.php 第 266 行.
NOTIC: [8] Undefined index: id E:\xampp\htdocs\HMcms\Application\Runtime\Cache\Admin\a5670205d9174c981d4ca99e961680e1.php 第 266 行.
NOTIC: [8] Undefined index: id E:\xampp\htdocs\HMcms\Application\Runtime\Cache\Admin\a5670205d9174c981d4ca99e961680e1.php 第 266 行.
NOTIC: [8] Undefined index: id E:\xampp\htdocs\HMcms\Application\Runtime\Cache\Admin\a5670205d9174c981d4ca99e961680e1.php 第 266 行.
NOTIC: [8] Undefined index: id E:\xampp\htdocs\HMcms\Application\Runtime\Cache\Admin\a5670205d9174c981d4ca99e961680e1.php 第 266 行.
NOTIC: [8] Undefined index: id E:\xampp\htdocs\HMcms\Application\Runtime\Cache\Admin\a5670205d9174c981d4ca99e961680e1.php 第 266 行.
NOTIC: [8] Undefined index: id E:\xampp\htdocs\HMcms\Application\Runtime\Cache\Admin\a5670205d9174c981d4ca99e961680e1.php 第 266 行.
NOTIC: [8] Undefined index: id E:\xampp\htdocs\HMcms\Application\Runtime\Cache\Admin\a5670205d9174c981d4ca99e961680e1.php 第 266 行.
NOTIC: [8] Undefined index: id E:\xampp\htdocs\HMcms\Application\Runtime\Cache\Admin\a5670205d9174c981d4ca99e961680e1.php 第 266 行.
NOTIC: [8] Undefined index: id E:\xampp\htdocs\HMcms\Application\Runtime\Cache\Admin\a5670205d9174c981d4ca99e961680e1.php 第 266 行.
NOTIC: [8] Undefined index: id E:\xampp\htdocs\HMcms\Application\Runtime\Cache\Admin\a5670205d9174c981d4ca99e961680e1.php 第 266 行.
NOTIC: [8] Undefined index: id E:\xampp\htdocs\HMcms\Application\Runtime\Cache\Admin\a5670205d9174c981d4ca99e961680e1.php 第 266 行.
INFO: Run Behavior\ParseTemplateBehavior [ RunTime:0.019888s ]
INFO: [ view_parse ] --END-- [ RunTime:0.020048s ]
INFO: [ view_filter ] --START--
INFO: Run Behavior\WriteHtmlCacheBehavior [ RunTime:0.000830s ]
INFO: [ view_filter ] --END-- [ RunTime:0.000966s ]
INFO: [ app_end ] --START--
INFO: Run Behavior\ShowPageTraceBehavior [ RunTime:0.001272s ]
INFO: [ app_end ] --END-- [ RunTime:0.001617s ]

